#
# There is insufficient memory for the Java Runtime Environment to continue.
# Native memory allocation (mmap) failed to map 5570560 bytes for committing reserved memory.
# Possible reasons:
#   The system is out of physical RAM or swap space
#   The process is running with CompressedOops enabled, and the Java Heap may be blocking the growth of the native heap
# Possible solutions:
#   Reduce memory load on the system
#   Increase physical memory or swap space
#   Check if swap backing store is full
#   Decrease Java heap size (-Xmx/-Xms)
#   Decrease number of Java threads
#   Decrease Java thread stack sizes (-Xss)
#   Set larger code cache with -XX:ReservedCodeCacheSize=
# This output file may be truncated or incomplete.
#
#  Out of Memory Error (os_linux.cpp:2893), pid=2644, tid=2645
#
# JRE version:  (11.0.4+11) (build )
# Java VM: OpenJDK 64-Bit Server VM (11.0.4+11-post-Ubuntu-1ubuntu218.04.3, mixed mode, aot, sharing, tiered, compressed oops, serial gc, linux-amd64)
# Core dump will be written. Default location: Core dumps may be processed with "/usr/share/apport/apport %p %s %c %d %P" (or dumping to /root/StreetCred/StreetCredPlay/core.2644)
#

---------------  S U M M A R Y ------------

Command Line: /usr/share/sbt/bin/java9-rt-export.jar --rt-ext-dir

Host: Intel(R) Xeon(R) Gold 6140 CPU @ 2.30GHz, 1 cores, 985M, Ubuntu 18.04.3 LTS
Time: Sat Sep  7 18:31:46 2019 UTC elapsed time: 2 seconds (0d 0h 0m 2s)

---------------  T H R E A D  ---------------

Current thread (0x00007fae64011000):  JavaThread "Unknown thread" [_thread_in_vm, id=2645, stack(0x00007fae6c07e000,0x00007fae6c17f000)]

Stack: [0x00007fae6c07e000,0x00007fae6c17f000],  sp=0x00007fae6c17d410,  free space=1021k
Native frames: (J=compiled Java code, A=aot compiled Java code, j=interpreted, Vv=VM code, C=native code)
V  [libjvm.so+0xde4547]
V  [libjvm.so+0xde519b]
V  [libjvm.so+0x6511a5]
V  [libjvm.so+0xbbebe2]
V  [libjvm.so+0xbb5bef]
V  [libjvm.so+0xddb6fb]
V  [libjvm.so+0x7c27e9]
V  [libjvm.so+0x655d2e]
V  [libjvm.so+0x7c3611]
V  [libjvm.so+0x7acc0e]
V  [libjvm.so+0xd9ea32]
V  [libjvm.so+0xd9ecc6]
V  [libjvm.so+0x80f907]
V  [libjvm.so+0xd7d627]
V  [libjvm.so+0x8c8611]  JNI_CreateJavaVM+0x51
C  [libjli.so+0x4a66]
C  [libjli.so+0x92cd]


---------------  P R O C E S S  ---------------

Threads class SMR info:
_java_thread_list=0x00005580b08221d0, length=0, elements={
}

Java Threads: ( => current thread )

Other Threads:

=>0x00007fae64011000 (exited) JavaThread "Unknown thread" [_thread_in_vm, id=2645, stack(0x00007fae6c07e000,0x00007fae6c17f000)]

Threads with active compile tasks:

VM state:not at safepoint (not fully initialized)

VM Mutex/Monitor currently owned by a thread: None

Heap address: 0x00000000f0800000, size: 248 MB, Compressed Oops mode: Non-zero based: 0x00000000f0800000
Narrow klass base: 0x0000000000000000, Narrow klass shift: 0

GC Heap History (0 events):
No events

Deoptimization events (0 events):
No events

Classes redefined (0 events):
No events

Internal exceptions (0 events):
No events

Events (0 events):
No events


Dynamic libraries:
f0d50000-100000000 ---p 00000000 00:00 0 
5580b0414000-5580b0415000 r-xp 00000000 fc:01 258657                     /usr/lib/jvm/java-11-openjdk-amd64/bin/java
5580b0615000-5580b0616000 r--p 00001000 fc:01 258657                     /usr/lib/jvm/java-11-openjdk-amd64/bin/java
5580b0616000-5580b0617000 rw-p 00002000 fc:01 258657                     /usr/lib/jvm/java-11-openjdk-amd64/bin/java
5580b080a000-5580b082b000 rw-p 00000000 00:00 0                          [heap]
7fae4c956000-7fae4cbc6000 rwxp 00000000 00:00 0 
7fae4cbc6000-7fae4cee5000 ---p 00000000 00:00 0 
7fae4cee5000-7fae4d155000 rwxp 00000000 00:00 0 
7fae4d155000-7fae5441d000 ---p 00000000 00:00 0 
7fae5441d000-7fae5468d000 rwxp 00000000 00:00 0 
7fae5468d000-7fae5b956000 ---p 00000000 00:00 0 
7fae5b956000-7fae64000000 r--s 00000000 fc:01 258820                     /usr/lib/jvm/java-11-openjdk-amd64/lib/modules
7fae64000000-7fae6402c000 rw-p 00000000 00:00 0 
7fae6402c000-7fae68000000 ---p 00000000 00:00 0 
7fae68164000-7fae68169000 rw-p 00000000 00:00 0 
7fae68169000-7fae6824f000 ---p 00000000 00:00 0 
7fae6824f000-7fae68254000 rw-p 00000000 00:00 0 
7fae68254000-7fae6833a000 ---p 00000000 00:00 0 
7fae6833a000-7fae6833f000 r-xp 00000000 fc:01 258802                     /usr/lib/jvm/java-11-openjdk-amd64/lib/libjimage.so
7fae6833f000-7fae6853e000 ---p 00005000 fc:01 258802                     /usr/lib/jvm/java-11-openjdk-amd64/lib/libjimage.so
7fae6853e000-7fae6853f000 r--p 00004000 fc:01 258802                     /usr/lib/jvm/java-11-openjdk-amd64/lib/libjimage.so
7fae6853f000-7fae68540000 rw-p 00005000 fc:01 258802                     /usr/lib/jvm/java-11-openjdk-amd64/lib/libjimage.so
7fae68540000-7fae68547000 r-xp 00000000 fc:01 258819                     /usr/lib/jvm/java-11-openjdk-amd64/lib/libzip.so
7fae68547000-7fae68746000 ---p 00007000 fc:01 258819                     /usr/lib/jvm/java-11-openjdk-amd64/lib/libzip.so
7fae68746000-7fae68747000 r--p 00006000 fc:01 258819                     /usr/lib/jvm/java-11-openjdk-amd64/lib/libzip.so
7fae68747000-7fae68748000 rw-p 00007000 fc:01 258819                     /usr/lib/jvm/java-11-openjdk-amd64/lib/libzip.so
7fae68748000-7fae68753000 r-xp 00000000 fc:01 2093                       /lib/x86_64-linux-gnu/libnss_files-2.27.so
7fae68753000-7fae68952000 ---p 0000b000 fc:01 2093                       /lib/x86_64-linux-gnu/libnss_files-2.27.so
7fae68952000-7fae68953000 r--p 0000a000 fc:01 2093                       /lib/x86_64-linux-gnu/libnss_files-2.27.so
7fae68953000-7fae68954000 rw-p 0000b000 fc:01 2093                       /lib/x86_64-linux-gnu/libnss_files-2.27.so
7fae68954000-7fae6895a000 rw-p 00000000 00:00 0 
7fae6895a000-7fae68971000 r-xp 00000000 fc:01 2090                       /lib/x86_64-linux-gnu/libnsl-2.27.so
7fae68971000-7fae68b70000 ---p 00017000 fc:01 2090                       /lib/x86_64-linux-gnu/libnsl-2.27.so
7fae68b70000-7fae68b71000 r--p 00016000 fc:01 2090                       /lib/x86_64-linux-gnu/libnsl-2.27.so
7fae68b71000-7fae68b72000 rw-p 00017000 fc:01 2090                       /lib/x86_64-linux-gnu/libnsl-2.27.so
7fae68b72000-7fae68b74000 rw-p 00000000 00:00 0 
7fae68b74000-7fae68b7f000 r-xp 00000000 fc:01 2095                       /lib/x86_64-linux-gnu/libnss_nis-2.27.so
7fae68b7f000-7fae68d7e000 ---p 0000b000 fc:01 2095                       /lib/x86_64-linux-gnu/libnss_nis-2.27.so
7fae68d7e000-7fae68d7f000 r--p 0000a000 fc:01 2095                       /lib/x86_64-linux-gnu/libnss_nis-2.27.so
7fae68d7f000-7fae68d80000 rw-p 0000b000 fc:01 2095                       /lib/x86_64-linux-gnu/libnss_nis-2.27.so
7fae68d80000-7fae68d88000 r-xp 00000000 fc:01 2091                       /lib/x86_64-linux-gnu/libnss_compat-2.27.so
7fae68d88000-7fae68f88000 ---p 00008000 fc:01 2091                       /lib/x86_64-linux-gnu/libnss_compat-2.27.so
7fae68f88000-7fae68f89000 r--p 00008000 fc:01 2091                       /lib/x86_64-linux-gnu/libnss_compat-2.27.so
7fae68f89000-7fae68f8a000 rw-p 00009000 fc:01 2091                       /lib/x86_64-linux-gnu/libnss_compat-2.27.so
7fae68f8a000-7fae68fb3000 r-xp 00000000 fc:01 258798                     /usr/lib/jvm/java-11-openjdk-amd64/lib/libjava.so
7fae68fb3000-7fae691b2000 ---p 00029000 fc:01 258798                     /usr/lib/jvm/java-11-openjdk-amd64/lib/libjava.so
7fae691b2000-7fae691b3000 r--p 00028000 fc:01 258798                     /usr/lib/jvm/java-11-openjdk-amd64/lib/libjava.so
7fae691b3000-7fae691b5000 rw-p 00029000 fc:01 258798                     /usr/lib/jvm/java-11-openjdk-amd64/lib/libjava.so
7fae691b5000-7fae691c2000 r-xp 00000000 fc:01 258818                     /usr/lib/jvm/java-11-openjdk-amd64/lib/libverify.so
7fae691c2000-7fae693c1000 ---p 0000d000 fc:01 258818                     /usr/lib/jvm/java-11-openjdk-amd64/lib/libverify.so
7fae693c1000-7fae693c3000 r--p 0000c000 fc:01 258818                     /usr/lib/jvm/java-11-openjdk-amd64/lib/libverify.so
7fae693c3000-7fae693c4000 rw-p 0000e000 fc:01 258818                     /usr/lib/jvm/java-11-openjdk-amd64/lib/libverify.so
7fae693c4000-7fae693cb000 r-xp 00000000 fc:01 2180                       /lib/x86_64-linux-gnu/librt-2.27.so
7fae693cb000-7fae695ca000 ---p 00007000 fc:01 2180                       /lib/x86_64-linux-gnu/librt-2.27.so
7fae695ca000-7fae695cb000 r--p 00006000 fc:01 2180                       /lib/x86_64-linux-gnu/librt-2.27.so
7fae695cb000-7fae695cc000 rw-p 00007000 fc:01 2180                       /lib/x86_64-linux-gnu/librt-2.27.so
7fae695cc000-7fae695e3000 r-xp 00000000 fc:01 2096                       /lib/x86_64-linux-gnu/libgcc_s.so.1
7fae695e3000-7fae697e2000 ---p 00017000 fc:01 2096                       /lib/x86_64-linux-gnu/libgcc_s.so.1
7fae697e2000-7fae697e3000 r--p 00016000 fc:01 2096                       /lib/x86_64-linux-gnu/libgcc_s.so.1
7fae697e3000-7fae697e4000 rw-p 00017000 fc:01 2096                       /lib/x86_64-linux-gnu/libgcc_s.so.1
7fae697e4000-7fae69981000 r-xp 00000000 fc:01 2087                       /lib/x86_64-linux-gnu/libm-2.27.so
7fae69981000-7fae69b80000 ---p 0019d000 fc:01 2087                       /lib/x86_64-linux-gnu/libm-2.27.so
7fae69b80000-7fae69b81000 r--p 0019c000 fc:01 2087                       /lib/x86_64-linux-gnu/libm-2.27.so
7fae69b81000-7fae69b82000 rw-p 0019d000 fc:01 2087                       /lib/x86_64-linux-gnu/libm-2.27.so
7fae69b82000-7fae69cfb000 r-xp 00000000 fc:01 5016                       /usr/lib/x86_64-linux-gnu/libstdc++.so.6.0.25
7fae69cfb000-7fae69efb000 ---p 00179000 fc:01 5016                       /usr/lib/x86_64-linux-gnu/libstdc++.so.6.0.25
7fae69efb000-7fae69f05000 r--p 00179000 fc:01 5016                       /usr/lib/x86_64-linux-gnu/libstdc++.so.6.0.25
7fae69f05000-7fae69f07000 rw-p 00183000 fc:01 5016                       /usr/lib/x86_64-linux-gnu/libstdc++.so.6.0.25
7fae69f07000-7fae69f0b000 rw-p 00000000 00:00 0 
7fae69f0b000-7fae6afd7000 r-xp 00000000 fc:01 258825                     /usr/lib/jvm/java-11-openjdk-amd64/lib/server/libjvm.so
7fae6afd7000-7fae6b1d6000 ---p 010cc000 fc:01 258825                     /usr/lib/jvm/java-11-openjdk-amd64/lib/server/libjvm.so
7fae6b1d6000-7fae6b293000 r--p 010cb000 fc:01 258825                     /usr/lib/jvm/java-11-openjdk-amd64/lib/server/libjvm.so
7fae6b293000-7fae6b2cc000 rw-p 01188000 fc:01 258825                     /usr/lib/jvm/java-11-openjdk-amd64/lib/server/libjvm.so
7fae6b2cc000-7fae6b322000 rw-p 00000000 00:00 0 
7fae6b322000-7fae6b33c000 r-xp 00000000 fc:01 2178                       /lib/x86_64-linux-gnu/libpthread-2.27.so
7fae6b33c000-7fae6b53b000 ---p 0001a000 fc:01 2178                       /lib/x86_64-linux-gnu/libpthread-2.27.so
7fae6b53b000-7fae6b53c000 r--p 00019000 fc:01 2178                       /lib/x86_64-linux-gnu/libpthread-2.27.so
7fae6b53c000-7fae6b53d000 rw-p 0001a000 fc:01 2178                       /lib/x86_64-linux-gnu/libpthread-2.27.so
7fae6b53d000-7fae6b541000 rw-p 00000000 00:00 0 
7fae6b541000-7fae6b544000 r-xp 00000000 fc:01 2086                       /lib/x86_64-linux-gnu/libdl-2.27.so
7fae6b544000-7fae6b743000 ---p 00003000 fc:01 2086                       /lib/x86_64-linux-gnu/libdl-2.27.so
7fae6b743000-7fae6b744000 r--p 00002000 fc:01 2086                       /lib/x86_64-linux-gnu/libdl-2.27.so
7fae6b744000-7fae6b745000 rw-p 00003000 fc:01 2086                       /lib/x86_64-linux-gnu/libdl-2.27.so
7fae6b745000-7fae6b761000 r-xp 00000000 fc:01 2183                       /lib/x86_64-linux-gnu/libz.so.1.2.11
7fae6b761000-7fae6b960000 ---p 0001c000 fc:01 2183                       /lib/x86_64-linux-gnu/libz.so.1.2.11
7fae6b960000-7fae6b961000 r--p 0001b000 fc:01 2183                       /lib/x86_64-linux-gnu/libz.so.1.2.11
7fae6b961000-7fae6b962000 rw-p 0001c000 fc:01 2183                       /lib/x86_64-linux-gnu/libz.so.1.2.11
7fae6b962000-7fae6bb49000 r-xp 00000000 fc:01 2083                       /lib/x86_64-linux-gnu/libc-2.27.so
7fae6bb49000-7fae6bd49000 ---p 001e7000 fc:01 2083                       /lib/x86_64-linux-gnu/libc-2.27.so
7fae6bd49000-7fae6bd4d000 r--p 001e7000 fc:01 2083                       /lib/x86_64-linux-gnu/libc-2.27.so
7fae6bd4d000-7fae6bd4f000 rw-p 001eb000 fc:01 2083                       /lib/x86_64-linux-gnu/libc-2.27.so
7fae6bd4f000-7fae6bd53000 rw-p 00000000 00:00 0 
7fae6bd53000-7fae6bd63000 r-xp 00000000 fc:01 258782                     /usr/lib/jvm/java-11-openjdk-amd64/lib/jli/libjli.so
7fae6bd63000-7fae6bf62000 ---p 00010000 fc:01 258782                     /usr/lib/jvm/java-11-openjdk-amd64/lib/jli/libjli.so
7fae6bf62000-7fae6bf63000 r--p 0000f000 fc:01 258782                     /usr/lib/jvm/java-11-openjdk-amd64/lib/jli/libjli.so
7fae6bf63000-7fae6bf64000 rw-p 00010000 fc:01 258782                     /usr/lib/jvm/java-11-openjdk-amd64/lib/jli/libjli.so
7fae6bf64000-7fae6bf8b000 r-xp 00000000 fc:01 2079                       /lib/x86_64-linux-gnu/ld-2.27.so
7fae6bfed000-7fae6c069000 ---p 00000000 00:00 0 
7fae6c069000-7fae6c06f000 rw-p 00000000 00:00 0 
7fae6c06f000-7fae6c076000 ---p 00000000 00:00 0 
7fae6c076000-7fae6c07e000 rw-s 00000000 fc:01 520561                     /tmp/hsperfdata_root/2644
7fae6c07e000-7fae6c082000 ---p 00000000 00:00 0 
7fae6c082000-7fae6c181000 rw-p 00000000 00:00 0 
7fae6c185000-7fae6c187000 r--s 00007000 fc:01 68575                      /usr/share/java/java-atk-wrapper.jar
7fae6c187000-7fae6c188000 ---p 00000000 00:00 0 
7fae6c188000-7fae6c189000 r--p 00000000 00:00 0 
7fae6c189000-7fae6c18b000 rw-p 00000000 00:00 0 
7fae6c18b000-7fae6c18c000 r--p 00027000 fc:01 2079                       /lib/x86_64-linux-gnu/ld-2.27.so
7fae6c18c000-7fae6c18d000 rw-p 00028000 fc:01 2079                       /lib/x86_64-linux-gnu/ld-2.27.so
7fae6c18d000-7fae6c18e000 rw-p 00000000 00:00 0 
7ffd04753000-7ffd04774000 rw-p 00000000 00:00 0                          [stack]
7ffd047d6000-7ffd047d9000 r--p 00000000 00:00 0                          [vvar]
7ffd047d9000-7ffd047db000 r-xp 00000000 00:00 0                          [vdso]
ffffffffff600000-ffffffffff601000 r-xp 00000000 00:00 0                  [vsyscall]


VM Arguments:
java_command: /usr/share/sbt/bin/java9-rt-export.jar --rt-ext-dir
java_class_path (initial): /usr/share/sbt/bin/java9-rt-export.jar
Launcher Type: SUN_STANDARD

[Global flags]
     intx CICompilerCount                          = 2                                         {product} {ergonomic}
   size_t InitialHeapSize                          = 16777216                                  {product} {ergonomic}
   size_t MaxHeapSize                              = 260046848                                 {product} {ergonomic}
   size_t MaxNewSize                               = 86638592                                  {product} {ergonomic}
   size_t MinHeapDeltaBytes                        = 196608                                    {product} {ergonomic}
   size_t NewSize                                  = 5570560                                   {product} {ergonomic}
    uintx NonNMethodCodeHeapSize                   = 5824844                                {pd product} {ergonomic}
    uintx NonProfiledCodeHeapSize                  = 122916698                              {pd product} {ergonomic}
   size_t OldSize                                  = 11206656                                  {product} {ergonomic}
    uintx ProfiledCodeHeapSize                     = 122916698                              {pd product} {ergonomic}
    uintx ReservedCodeCacheSize                    = 251658240                              {pd product} {ergonomic}
     bool SegmentedCodeCache                       = true                                      {product} {ergonomic}
     bool UseCompressedClassPointers               = true                                 {lp64_product} {ergonomic}
     bool UseCompressedOops                        = true                                 {lp64_product} {ergonomic}
     bool UseSerialGC                              = true                                      {product} {ergonomic}

Logging:
Log output configuration:
 #0: stdout all=warning uptime,level,tags
 #1: stderr all=off uptime,level,tags

Environment Variables:
PATH=/usr/local/sbin:/usr/local/bin:/usr/sbin:/usr/bin:/sbin:/bin:/usr/games:/usr/local/games:/snap/bin
SHELL=/bin/bash

Signal Handlers:
SIGSEGV: [libjvm.so+0xde5f50], sa_mask[0]=11111111011111111101111111111110, sa_flags=SA_RESTART|SA_SIGINFO
SIGBUS: [libjvm.so+0xde5f50], sa_mask[0]=11111111011111111101111111111110, sa_flags=SA_RESTART|SA_SIGINFO
SIGFPE: [libjvm.so+0xde5f50], sa_mask[0]=11111111011111111101111111111110, sa_flags=SA_RESTART|SA_SIGINFO
SIGPIPE: [libjvm.so+0xbba5b0], sa_mask[0]=11111111011111111101111111111110, sa_flags=SA_RESTART|SA_SIGINFO
SIGXFSZ: [libjvm.so+0xbba5b0], sa_mask[0]=11111111011111111101111111111110, sa_flags=SA_RESTART|SA_SIGINFO
SIGILL: [libjvm.so+0xde5f50], sa_mask[0]=11111111011111111101111111111110, sa_flags=SA_RESTART|SA_SIGINFO
SIGUSR2: [libjvm.so+0xbba450], sa_mask[0]=00000000000000000000000000000000, sa_flags=SA_RESTART|SA_SIGINFO
SIGHUP: SIG_DFL, sa_mask[0]=00000000000000000000000000000000, sa_flags=none
SIGINT: SIG_DFL, sa_mask[0]=00000000000000000000000000000000, sa_flags=none
SIGTERM: SIG_DFL, sa_mask[0]=00000000000000000000000000000000, sa_flags=none
SIGQUIT: SIG_DFL, sa_mask[0]=00000000000000000000000000000000, sa_flags=none


---------------  S Y S T E M  ---------------

OS:DISTRIB_ID=Ubuntu
DISTRIB_RELEASE=18.04
DISTRIB_CODENAME=bionic
DISTRIB_DESCRIPTION="Ubuntu 18.04.3 LTS"
uname:Linux 4.15.0-58-generic #64-Ubuntu SMP Tue Aug 6 11:12:41 UTC 2019 x86_64
libc:glibc 2.27 NPTL 2.27 
rlimit: STACK 8192k, CORE 0k, NPROC 3840, NOFILE 1048576, AS infinity, DATA infinity, FSIZE infinity
load average:2.04 1.66 0.88

/proc/meminfo:
MemTotal:        1009156 kB
MemFree:           56120 kB
MemAvailable:          0 kB
Buffers:             128 kB
Cached:             1964 kB
SwapCached:            0 kB
Active:           888584 kB
Inactive:           1220 kB
Active(anon):     888088 kB
Inactive(anon):      224 kB
Active(file):        496 kB
Inactive(file):      996 kB
Unevictable:           0 kB
Mlocked:               0 kB
SwapTotal:             0 kB
SwapFree:              0 kB
Dirty:                 4 kB
Writeback:             0 kB
AnonPages:        887704 kB
Mapped:             1100 kB
Shmem:               608 kB
Slab:              38920 kB
SReclaimable:      17156 kB
SUnreclaim:        21764 kB
KernelStack:        2016 kB
PageTables:         5584 kB
NFS_Unstable:          0 kB
Bounce:                0 kB
WritebackTmp:          0 kB
CommitLimit:      504576 kB
Committed_AS:    1582264 kB
VmallocTotal:   34359738367 kB
VmallocUsed:           0 kB
VmallocChunk:          0 kB
HardwareCorrupted:     0 kB
AnonHugePages:         0 kB
ShmemHugePages:        0 kB
ShmemPmdMapped:        0 kB
CmaTotal:              0 kB
CmaFree:               0 kB
HugePages_Total:       0
HugePages_Free:        0
HugePages_Rsvd:        0
HugePages_Surp:        0
Hugepagesize:       2048 kB
DirectMap4k:       63468 kB
DirectMap2M:      985088 kB
DirectMap1G:           0 kB


/proc/sys/kernel/threads-max (system-wide limit on the number of threads):
7680


/proc/sys/vm/max_map_count (maximum number of memory map areas a process may have):
65530


/proc/sys/kernel/pid_max (system-wide limit on number of process identifiers):
32768



container (cgroup) information:
container_type: cgroupv1
cpu_cpuset_cpus: 0
cpu_memory_nodes: 0
active_processor_count: 1
cpu_quota: -1
cpu_period: 100000
cpu_shares: -1
memory_limit_in_bytes: -1
memory_and_swap_limit_in_bytes: -2
memory_soft_limit_in_bytes: -1
memory_usage_in_bytes: 880861184
memory_max_usage_in_bytes: 889655296

Steal ticks since vm start: 2
Steal ticks percentage since vm start:  0.005

CPU:total 1 (initial active 1) (1 cores per cpu, 1 threads per core) family 6 model 85 stepping 4, cmov, cx8, fxsr, mmx, sse, sse2, sse3, ssse3, sse4.1, sse4.2, popcnt, avx, avx2, aes, clmul, erms, rtm, 3dnowpref, lzcnt, tsc, bmi1, bmi2, adx, evex, fma
CPU Model and flags from /proc/cpuinfo:
model name	: Intel(R) Xeon(R) Gold 6140 CPU @ 2.30GHz
flags		: fpu vme de pse tsc msr pae mce cx8 apic sep mtrr pge mca cmov pat pse36 clflush mmx fxsr sse sse2 ss syscall nx pdpe1gb rdtscp lm constant_tsc arch_perfmon rep_good nopl cpuid tsc_known_freq pni pclmulqdq vmx ssse3 fma cx16 pcid sse4_1 sse4_2 x2apic movbe popcnt tsc_deadline_timer aes xsave avx f16c rdrand hypervisor lahf_lm abm 3dnowprefetch cpuid_fault invpcid_single pti ssbd ibrs ibpb tpr_shadow vnmi flexpriority ept vpid fsgsbase tsc_adjust bmi1 hle avx2 smep bmi2 erms invpcid rtm mpx avx512f avx512dq rdseed adx smap clflushopt clwb avx512cd avx512bw avx512vl xsaveopt xsavec xgetbv1 xsaves pku ospke md_clear

Memory: 4k page, physical 1009156k(54908k free), swap 0k(0k free)

vm_info: OpenJDK 64-Bit Server VM (11.0.4+11-post-Ubuntu-1ubuntu218.04.3) for linux-amd64 JRE (11.0.4+11-post-Ubuntu-1ubuntu218.04.3), built on Jul 18 2019 18:21:46 by "buildd" with gcc 7.4.0

END.
