#
# There is insufficient memory for the Java Runtime Environment to continue.
# Native memory allocation (mmap) failed to map 5570560 bytes for committing reserved memory.
# Possible reasons:
#   The system is out of physical RAM or swap space
#   The process is running with CompressedOops enabled, and the Java Heap may be blocking the growth of the native heap
# Possible solutions:
#   Reduce memory load on the system
#   Increase physical memory or swap space
#   Check if swap backing store is full
#   Decrease Java heap size (-Xmx/-Xms)
#   Decrease number of Java threads
#   Decrease Java thread stack sizes (-Xss)
#   Set larger code cache with -XX:ReservedCodeCacheSize=
# This output file may be truncated or incomplete.
#
#  Out of Memory Error (os_linux.cpp:2893), pid=2721, tid=2722
#
# JRE version:  (11.0.4+11) (build )
# Java VM: OpenJDK 64-Bit Server VM (11.0.4+11-post-Ubuntu-1ubuntu218.04.3, mixed mode, aot, sharing, tiered, compressed oops, serial gc, linux-amd64)
# Core dump will be written. Default location: Core dumps may be processed with "/usr/share/apport/apport %p %s %c %d %P" (or dumping to /root/StreetCred/StreetCredPlay/core.2721)
#

---------------  S U M M A R Y ------------

Command Line: /usr/share/sbt/bin/java9-rt-export.jar #
# There is insufficient memory for the Java Runtime Environment to continue.
# Native memory allocation (mmap) failed to map 5570560 bytes for committing reserved memory.
# An error report file with more information is saved as:
# /root/StreetCred/StreetCredPlay/hs_err_pid2717.log/rt.jar

Host: Intel(R) Xeon(R) Gold 6140 CPU @ 2.30GHz, 1 cores, 985M, Ubuntu 18.04.3 LTS
Time: Sat Sep  7 18:33:17 2019 UTC elapsed time: 4 seconds (0d 0h 0m 4s)

---------------  T H R E A D  ---------------

Current thread (0x00007feba4011000):  JavaThread "Unknown thread" [_thread_in_vm, id=2722, stack(0x00007febacafa000,0x00007febacbfb000)]

Stack: [0x00007febacafa000,0x00007febacbfb000],  sp=0x00007febacbf9410,  free space=1021k
Native frames: (J=compiled Java code, A=aot compiled Java code, j=interpreted, Vv=VM code, C=native code)
V  [libjvm.so+0xde4547]
V  [libjvm.so+0xde519b]
V  [libjvm.so+0x6511a5]
V  [libjvm.so+0xbbebe2]
V  [libjvm.so+0xbb5bef]
V  [libjvm.so+0xddb6fb]
V  [libjvm.so+0x7c27e9]
V  [libjvm.so+0x655d2e]
V  [libjvm.so+0x7c3611]
V  [libjvm.so+0x7acc0e]
V  [libjvm.so+0xd9ea32]
V  [libjvm.so+0xd9ecc6]
V  [libjvm.so+0x80f907]
V  [libjvm.so+0xd7d627]
V  [libjvm.so+0x8c8611]  JNI_CreateJavaVM+0x51
C  [libjli.so+0x4a66]
C  [libjli.so+0x92cd]


---------------  P R O C E S S  ---------------

Threads class SMR info:
_java_thread_list=0x000055f17dd0e2e0, length=0, elements={
}

Java Threads: ( => current thread )

Other Threads:

=>0x00007feba4011000 (exited) JavaThread "Unknown thread" [_thread_in_vm, id=2722, stack(0x00007febacafa000,0x00007febacbfb000)]

Threads with active compile tasks:

VM state:not at safepoint (not fully initialized)

VM Mutex/Monitor currently owned by a thread: None

Heap address: 0x00000000f0800000, size: 248 MB, Compressed Oops mode: Non-zero based: 0x00000000f0800000
Narrow klass base: 0x0000000000000000, Narrow klass shift: 0

GC Heap History (0 events):
No events

Deoptimization events (0 events):
No events

Classes redefined (0 events):
No events

Internal exceptions (0 events):
No events

Events (0 events):
No events


Dynamic libraries:
f0d50000-100000000 ---p 00000000 00:00 0 
55f17c692000-55f17c693000 r-xp 00000000 fc:01 258657                     /usr/lib/jvm/java-11-openjdk-amd64/bin/java
55f17c893000-55f17c894000 r--p 00001000 fc:01 258657                     /usr/lib/jvm/java-11-openjdk-amd64/bin/java
55f17c894000-55f17c895000 rw-p 00002000 fc:01 258657                     /usr/lib/jvm/java-11-openjdk-amd64/bin/java
55f17dcf6000-55f17dd17000 rw-p 00000000 00:00 0                          [heap]
7feb8c956000-7feb8cbc6000 rwxp 00000000 00:00 0 
7feb8cbc6000-7feb8cee5000 ---p 00000000 00:00 0 
7feb8cee5000-7feb8d155000 rwxp 00000000 00:00 0 
7feb8d155000-7feb9441d000 ---p 00000000 00:00 0 
7feb9441d000-7feb9468d000 rwxp 00000000 00:00 0 
7feb9468d000-7feb9b956000 ---p 00000000 00:00 0 
7feb9b956000-7feba4000000 r--s 00000000 fc:01 258820                     /usr/lib/jvm/java-11-openjdk-amd64/lib/modules
7feba4000000-7feba402c000 rw-p 00000000 00:00 0 
7feba402c000-7feba8000000 ---p 00000000 00:00 0 
7feba8be0000-7feba8be5000 rw-p 00000000 00:00 0 
7feba8be5000-7feba8ccb000 ---p 00000000 00:00 0 
7feba8ccb000-7feba8cd0000 rw-p 00000000 00:00 0 
7feba8cd0000-7feba8db6000 ---p 00000000 00:00 0 
7feba8db6000-7feba8dbb000 r-xp 00000000 fc:01 258802                     /usr/lib/jvm/java-11-openjdk-amd64/lib/libjimage.so
7feba8dbb000-7feba8fba000 ---p 00005000 fc:01 258802                     /usr/lib/jvm/java-11-openjdk-amd64/lib/libjimage.so
7feba8fba000-7feba8fbb000 r--p 00004000 fc:01 258802                     /usr/lib/jvm/java-11-openjdk-amd64/lib/libjimage.so
7feba8fbb000-7feba8fbc000 rw-p 00005000 fc:01 258802                     /usr/lib/jvm/java-11-openjdk-amd64/lib/libjimage.so
7feba8fbc000-7feba8fc3000 r-xp 00000000 fc:01 258819                     /usr/lib/jvm/java-11-openjdk-amd64/lib/libzip.so
7feba8fc3000-7feba91c2000 ---p 00007000 fc:01 258819                     /usr/lib/jvm/java-11-openjdk-amd64/lib/libzip.so
7feba91c2000-7feba91c3000 r--p 00006000 fc:01 258819                     /usr/lib/jvm/java-11-openjdk-amd64/lib/libzip.so
7feba91c3000-7feba91c4000 rw-p 00007000 fc:01 258819                     /usr/lib/jvm/java-11-openjdk-amd64/lib/libzip.so
7feba91c4000-7feba91cf000 r-xp 00000000 fc:01 2093                       /lib/x86_64-linux-gnu/libnss_files-2.27.so
7feba91cf000-7feba93ce000 ---p 0000b000 fc:01 2093                       /lib/x86_64-linux-gnu/libnss_files-2.27.so
7feba93ce000-7feba93cf000 r--p 0000a000 fc:01 2093                       /lib/x86_64-linux-gnu/libnss_files-2.27.so
7feba93cf000-7feba93d0000 rw-p 0000b000 fc:01 2093                       /lib/x86_64-linux-gnu/libnss_files-2.27.so
7feba93d0000-7feba93d6000 rw-p 00000000 00:00 0 
7feba93d6000-7feba93ed000 r-xp 00000000 fc:01 2090                       /lib/x86_64-linux-gnu/libnsl-2.27.so
7feba93ed000-7feba95ec000 ---p 00017000 fc:01 2090                       /lib/x86_64-linux-gnu/libnsl-2.27.so
7feba95ec000-7feba95ed000 r--p 00016000 fc:01 2090                       /lib/x86_64-linux-gnu/libnsl-2.27.so
7feba95ed000-7feba95ee000 rw-p 00017000 fc:01 2090                       /lib/x86_64-linux-gnu/libnsl-2.27.so
7feba95ee000-7feba95f0000 rw-p 00000000 00:00 0 
7feba95f0000-7feba95fb000 r-xp 00000000 fc:01 2095                       /lib/x86_64-linux-gnu/libnss_nis-2.27.so
7feba95fb000-7feba97fa000 ---p 0000b000 fc:01 2095                       /lib/x86_64-linux-gnu/libnss_nis-2.27.so
7feba97fa000-7feba97fb000 r--p 0000a000 fc:01 2095                       /lib/x86_64-linux-gnu/libnss_nis-2.27.so
7feba97fb000-7feba97fc000 rw-p 0000b000 fc:01 2095                       /lib/x86_64-linux-gnu/libnss_nis-2.27.so
7feba97fc000-7feba9804000 r-xp 00000000 fc:01 2091                       /lib/x86_64-linux-gnu/libnss_compat-2.27.so
7feba9804000-7feba9a04000 ---p 00008000 fc:01 2091                       /lib/x86_64-linux-gnu/libnss_compat-2.27.so
7feba9a04000-7feba9a05000 r--p 00008000 fc:01 2091                       /lib/x86_64-linux-gnu/libnss_compat-2.27.so
7feba9a05000-7feba9a06000 rw-p 00009000 fc:01 2091                       /lib/x86_64-linux-gnu/libnss_compat-2.27.so
7feba9a06000-7feba9a2f000 r-xp 00000000 fc:01 258798                     /usr/lib/jvm/java-11-openjdk-amd64/lib/libjava.so
7feba9a2f000-7feba9c2e000 ---p 00029000 fc:01 258798                     /usr/lib/jvm/java-11-openjdk-amd64/lib/libjava.so
7feba9c2e000-7feba9c2f000 r--p 00028000 fc:01 258798                     /usr/lib/jvm/java-11-openjdk-amd64/lib/libjava.so
7feba9c2f000-7feba9c31000 rw-p 00029000 fc:01 258798                     /usr/lib/jvm/java-11-openjdk-amd64/lib/libjava.so
7feba9c31000-7feba9c3e000 r-xp 00000000 fc:01 258818                     /usr/lib/jvm/java-11-openjdk-amd64/lib/libverify.so
7feba9c3e000-7feba9e3d000 ---p 0000d000 fc:01 258818                     /usr/lib/jvm/java-11-openjdk-amd64/lib/libverify.so
7feba9e3d000-7feba9e3f000 r--p 0000c000 fc:01 258818                     /usr/lib/jvm/java-11-openjdk-amd64/lib/libverify.so
7feba9e3f000-7feba9e40000 rw-p 0000e000 fc:01 258818                     /usr/lib/jvm/java-11-openjdk-amd64/lib/libverify.so
7feba9e40000-7feba9e47000 r-xp 00000000 fc:01 2180                       /lib/x86_64-linux-gnu/librt-2.27.so
7feba9e47000-7febaa046000 ---p 00007000 fc:01 2180                       /lib/x86_64-linux-gnu/librt-2.27.so
7febaa046000-7febaa047000 r--p 00006000 fc:01 2180                       /lib/x86_64-linux-gnu/librt-2.27.so
7febaa047000-7febaa048000 rw-p 00007000 fc:01 2180                       /lib/x86_64-linux-gnu/librt-2.27.so
7febaa048000-7febaa05f000 r-xp 00000000 fc:01 2096                       /lib/x86_64-linux-gnu/libgcc_s.so.1
7febaa05f000-7febaa25e000 ---p 00017000 fc:01 2096                       /lib/x86_64-linux-gnu/libgcc_s.so.1
7febaa25e000-7febaa25f000 r--p 00016000 fc:01 2096                       /lib/x86_64-linux-gnu/libgcc_s.so.1
7febaa25f000-7febaa260000 rw-p 00017000 fc:01 2096                       /lib/x86_64-linux-gnu/libgcc_s.so.1
7febaa260000-7febaa3fd000 r-xp 00000000 fc:01 2087                       /lib/x86_64-linux-gnu/libm-2.27.so
7febaa3fd000-7febaa5fc000 ---p 0019d000 fc:01 2087                       /lib/x86_64-linux-gnu/libm-2.27.so
7febaa5fc000-7febaa5fd000 r--p 0019c000 fc:01 2087                       /lib/x86_64-linux-gnu/libm-2.27.so
7febaa5fd000-7febaa5fe000 rw-p 0019d000 fc:01 2087                       /lib/x86_64-linux-gnu/libm-2.27.so
7febaa5fe000-7febaa777000 r-xp 00000000 fc:01 5016                       /usr/lib/x86_64-linux-gnu/libstdc++.so.6.0.25
7febaa777000-7febaa977000 ---p 00179000 fc:01 5016                       /usr/lib/x86_64-linux-gnu/libstdc++.so.6.0.25
7febaa977000-7febaa981000 r--p 00179000 fc:01 5016                       /usr/lib/x86_64-linux-gnu/libstdc++.so.6.0.25
7febaa981000-7febaa983000 rw-p 00183000 fc:01 5016                       /usr/lib/x86_64-linux-gnu/libstdc++.so.6.0.25
7febaa983000-7febaa987000 rw-p 00000000 00:00 0 
7febaa987000-7febaba53000 r-xp 00000000 fc:01 258825                     /usr/lib/jvm/java-11-openjdk-amd64/lib/server/libjvm.so
7febaba53000-7febabc52000 ---p 010cc000 fc:01 258825                     /usr/lib/jvm/java-11-openjdk-amd64/lib/server/libjvm.so
7febabc52000-7febabd0f000 r--p 010cb000 fc:01 258825                     /usr/lib/jvm/java-11-openjdk-amd64/lib/server/libjvm.so
7febabd0f000-7febabd48000 rw-p 01188000 fc:01 258825                     /usr/lib/jvm/java-11-openjdk-amd64/lib/server/libjvm.so
7febabd48000-7febabd9e000 rw-p 00000000 00:00 0 
7febabd9e000-7febabdb8000 r-xp 00000000 fc:01 2178                       /lib/x86_64-linux-gnu/libpthread-2.27.so
7febabdb8000-7febabfb7000 ---p 0001a000 fc:01 2178                       /lib/x86_64-linux-gnu/libpthread-2.27.so
7febabfb7000-7febabfb8000 r--p 00019000 fc:01 2178                       /lib/x86_64-linux-gnu/libpthread-2.27.so
7febabfb8000-7febabfb9000 rw-p 0001a000 fc:01 2178                       /lib/x86_64-linux-gnu/libpthread-2.27.so
7febabfb9000-7febabfbd000 rw-p 00000000 00:00 0 
7febabfbd000-7febabfc0000 r-xp 00000000 fc:01 2086                       /lib/x86_64-linux-gnu/libdl-2.27.so
7febabfc0000-7febac1bf000 ---p 00003000 fc:01 2086                       /lib/x86_64-linux-gnu/libdl-2.27.so
7febac1bf000-7febac1c0000 r--p 00002000 fc:01 2086                       /lib/x86_64-linux-gnu/libdl-2.27.so
7febac1c0000-7febac1c1000 rw-p 00003000 fc:01 2086                       /lib/x86_64-linux-gnu/libdl-2.27.so
7febac1c1000-7febac1dd000 r-xp 00000000 fc:01 2183                       /lib/x86_64-linux-gnu/libz.so.1.2.11
7febac1dd000-7febac3dc000 ---p 0001c000 fc:01 2183                       /lib/x86_64-linux-gnu/libz.so.1.2.11
7febac3dc000-7febac3dd000 r--p 0001b000 fc:01 2183                       /lib/x86_64-linux-gnu/libz.so.1.2.11
7febac3dd000-7febac3de000 rw-p 0001c000 fc:01 2183                       /lib/x86_64-linux-gnu/libz.so.1.2.11
7febac3de000-7febac5c5000 r-xp 00000000 fc:01 2083                       /lib/x86_64-linux-gnu/libc-2.27.so
7febac5c5000-7febac7c5000 ---p 001e7000 fc:01 2083                       /lib/x86_64-linux-gnu/libc-2.27.so
7febac7c5000-7febac7c9000 r--p 001e7000 fc:01 2083                       /lib/x86_64-linux-gnu/libc-2.27.so
7febac7c9000-7febac7cb000 rw-p 001eb000 fc:01 2083                       /lib/x86_64-linux-gnu/libc-2.27.so
7febac7cb000-7febac7cf000 rw-p 00000000 00:00 0 
7febac7cf000-7febac7df000 r-xp 00000000 fc:01 258782                     /usr/lib/jvm/java-11-openjdk-amd64/lib/jli/libjli.so
7febac7df000-7febac9de000 ---p 00010000 fc:01 258782                     /usr/lib/jvm/java-11-openjdk-amd64/lib/jli/libjli.so
7febac9de000-7febac9df000 r--p 0000f000 fc:01 258782                     /usr/lib/jvm/java-11-openjdk-amd64/lib/jli/libjli.so
7febac9df000-7febac9e0000 rw-p 00010000 fc:01 258782                     /usr/lib/jvm/java-11-openjdk-amd64/lib/jli/libjli.so
7febac9e0000-7febaca07000 r-xp 00000000 fc:01 2079                       /lib/x86_64-linux-gnu/ld-2.27.so
7febaca69000-7febacae5000 ---p 00000000 00:00 0 
7febacae5000-7febacaeb000 rw-p 00000000 00:00 0 
7febacaeb000-7febacaf2000 ---p 00000000 00:00 0 
7febacaf2000-7febacafa000 rw-s 00000000 fc:01 520573                     /tmp/hsperfdata_root/2721
7febacafa000-7febacafe000 ---p 00000000 00:00 0 
7febacafe000-7febacbfd000 rw-p 00000000 00:00 0 
7febacc01000-7febacc03000 r--s 00007000 fc:01 68575                      /usr/share/java/java-atk-wrapper.jar
7febacc03000-7febacc04000 ---p 00000000 00:00 0 
7febacc04000-7febacc05000 r--p 00000000 00:00 0 
7febacc05000-7febacc07000 rw-p 00000000 00:00 0 
7febacc07000-7febacc08000 r--p 00027000 fc:01 2079                       /lib/x86_64-linux-gnu/ld-2.27.so
7febacc08000-7febacc09000 rw-p 00028000 fc:01 2079                       /lib/x86_64-linux-gnu/ld-2.27.so
7febacc09000-7febacc0a000 rw-p 00000000 00:00 0 
7ffc2979a000-7ffc297bb000 rw-p 00000000 00:00 0                          [stack]
7ffc297c9000-7ffc297cc000 r--p 00000000 00:00 0                          [vvar]
7ffc297cc000-7ffc297ce000 r-xp 00000000 00:00 0                          [vdso]
ffffffffff600000-ffffffffff601000 r-xp 00000000 00:00 0                  [vsyscall]


VM Arguments:
java_command: /usr/share/sbt/bin/java9-rt-export.jar #
# There is insufficient memory for the Java Runtime Environment to continue.
# Native memory allocation (mmap) failed to map 5570560 bytes for committing reserved memory.
# An error report file with more information is saved as:
# /root/StreetCred/StreetCredPlay/hs_err_pid2717.log/rt.jar
java_class_path (initial): /usr/share/sbt/bin/java9-rt-export.jar
Launcher Type: SUN_STANDARD

[Global flags]
     intx CICompilerCount                          = 2                                         {product} {ergonomic}
   size_t InitialHeapSize                          = 16777216                                  {product} {ergonomic}
   size_t MaxHeapSize                              = 260046848                                 {product} {ergonomic}
   size_t MaxNewSize                               = 86638592                                  {product} {ergonomic}
   size_t MinHeapDeltaBytes                        = 196608                                    {product} {ergonomic}
   size_t NewSize                                  = 5570560                                   {product} {ergonomic}
    uintx NonNMethodCodeHeapSize                   = 5824844                                {pd product} {ergonomic}
    uintx NonProfiledCodeHeapSize                  = 122916698                              {pd product} {ergonomic}
   size_t OldSize                                  = 11206656                                  {product} {ergonomic}
    uintx ProfiledCodeHeapSize                     = 122916698                              {pd product} {ergonomic}
    uintx ReservedCodeCacheSize                    = 251658240                              {pd product} {ergonomic}
     bool SegmentedCodeCache                       = true                                      {product} {ergonomic}
     bool UseCompressedClassPointers               = true                                 {lp64_product} {ergonomic}
     bool UseCompressedOops                        = true                                 {lp64_product} {ergonomic}
     bool UseSerialGC                              = true                                      {product} {ergonomic}

Logging:
Log output configuration:
 #0: stdout all=warning uptime,level,tags
 #1: stderr all=off uptime,level,tags

Environment Variables:
PATH=/usr/local/sbin:/usr/local/bin:/usr/sbin:/usr/bin:/sbin:/bin:/usr/games:/usr/local/games:/snap/bin
SHELL=/bin/bash

Signal Handlers:
SIGSEGV: [libjvm.so+0xde5f50], sa_mask[0]=11111111011111111101111111111110, sa_flags=SA_RESTART|SA_SIGINFO
SIGBUS: [libjvm.so+0xde5f50], sa_mask[0]=11111111011111111101111111111110, sa_flags=SA_RESTART|SA_SIGINFO
SIGFPE: [libjvm.so+0xde5f50], sa_mask[0]=11111111011111111101111111111110, sa_flags=SA_RESTART|SA_SIGINFO
SIGPIPE: [libjvm.so+0xbba5b0], sa_mask[0]=11111111011111111101111111111110, sa_flags=SA_RESTART|SA_SIGINFO
SIGXFSZ: [libjvm.so+0xbba5b0], sa_mask[0]=11111111011111111101111111111110, sa_flags=SA_RESTART|SA_SIGINFO
SIGILL: [libjvm.so+0xde5f50], sa_mask[0]=11111111011111111101111111111110, sa_flags=SA_RESTART|SA_SIGINFO
SIGUSR2: [libjvm.so+0xbba450], sa_mask[0]=00000000000000000000000000000000, sa_flags=SA_RESTART|SA_SIGINFO
SIGHUP: SIG_DFL, sa_mask[0]=00000000000000000000000000000000, sa_flags=none
SIGINT: SIG_DFL, sa_mask[0]=00000000000000000000000000000000, sa_flags=none
SIGTERM: SIG_DFL, sa_mask[0]=00000000000000000000000000000000, sa_flags=none
SIGQUIT: SIG_DFL, sa_mask[0]=00000000000000000000000000000000, sa_flags=none


---------------  S Y S T E M  ---------------

OS:DISTRIB_ID=Ubuntu
DISTRIB_RELEASE=18.04
DISTRIB_CODENAME=bionic
DISTRIB_DESCRIPTION="Ubuntu 18.04.3 LTS"
uname:Linux 4.15.0-58-generic #64-Ubuntu SMP Tue Aug 6 11:12:41 UTC 2019 x86_64
libc:glibc 2.27 NPTL 2.27 
rlimit: STACK 8192k, CORE 0k, NPROC 3840, NOFILE 1048576, AS infinity, DATA infinity, FSIZE infinity
load average:2.09 1.77 0.99

/proc/meminfo:
MemTotal:        1009156 kB
MemFree:           48856 kB
MemAvailable:          0 kB
Buffers:             892 kB
Cached:             8776 kB
SwapCached:            0 kB
Active:           890644 kB
Inactive:           6732 kB
Active(anon):     888148 kB
Inactive(anon):      220 kB
Active(file):       2496 kB
Inactive(file):     6512 kB
Unevictable:           0 kB
Mlocked:               0 kB
SwapTotal:             0 kB
SwapFree:              0 kB
Dirty:                 8 kB
Writeback:             0 kB
AnonPages:        887760 kB
Mapped:             5704 kB
Shmem:               608 kB
Slab:              38980 kB
SReclaimable:      17108 kB
SUnreclaim:        21872 kB
KernelStack:        2016 kB
PageTables:         5592 kB
NFS_Unstable:          0 kB
Bounce:                0 kB
WritebackTmp:          0 kB
CommitLimit:      504576 kB
Committed_AS:    1582264 kB
VmallocTotal:   34359738367 kB
VmallocUsed:           0 kB
VmallocChunk:          0 kB
HardwareCorrupted:     0 kB
AnonHugePages:         0 kB
ShmemHugePages:        0 kB
ShmemPmdMapped:        0 kB
CmaTotal:              0 kB
CmaFree:               0 kB
HugePages_Total:       0
HugePages_Free:        0
HugePages_Rsvd:        0
HugePages_Surp:        0
Hugepagesize:       2048 kB
DirectMap4k:       63468 kB
DirectMap2M:      985088 kB
DirectMap1G:           0 kB


/proc/sys/kernel/threads-max (system-wide limit on the number of threads):
7680


/proc/sys/vm/max_map_count (maximum number of memory map areas a process may have):
65530


/proc/sys/kernel/pid_max (system-wide limit on number of process identifiers):
32768



container (cgroup) information:
container_type: cgroupv1
cpu_cpuset_cpus: 0
cpu_memory_nodes: 0
active_processor_count: 1
cpu_quota: -1
cpu_period: 100000
cpu_shares: -1
memory_limit_in_bytes: -1
memory_and_swap_limit_in_bytes: -2
memory_soft_limit_in_bytes: -1
memory_usage_in_bytes: 889294848
memory_max_usage_in_bytes: 889655296

Steal ticks since vm start: 1
Steal ticks percentage since vm start:  0.002

CPU:total 1 (initial active 1) (1 cores per cpu, 1 threads per core) family 6 model 85 stepping 4, cmov, cx8, fxsr, mmx, sse, sse2, sse3, ssse3, sse4.1, sse4.2, popcnt, avx, avx2, aes, clmul, erms, rtm, 3dnowpref, lzcnt, tsc, bmi1, bmi2, adx, evex, fma
CPU Model and flags from /proc/cpuinfo:
model name	: Intel(R) Xeon(R) Gold 6140 CPU @ 2.30GHz
flags		: fpu vme de pse tsc msr pae mce cx8 apic sep mtrr pge mca cmov pat pse36 clflush mmx fxsr sse sse2 ss syscall nx pdpe1gb rdtscp lm constant_tsc arch_perfmon rep_good nopl cpuid tsc_known_freq pni pclmulqdq vmx ssse3 fma cx16 pcid sse4_1 sse4_2 x2apic movbe popcnt tsc_deadline_timer aes xsave avx f16c rdrand hypervisor lahf_lm abm 3dnowprefetch cpuid_fault invpcid_single pti ssbd ibrs ibpb tpr_shadow vnmi flexpriority ept vpid fsgsbase tsc_adjust bmi1 hle avx2 smep bmi2 erms invpcid rtm mpx avx512f avx512dq rdseed adx smap clflushopt clwb avx512cd avx512bw avx512vl xsaveopt xsavec xgetbv1 xsaves pku ospke md_clear

Memory: 4k page, physical 1009156k(48856k free), swap 0k(0k free)

vm_info: OpenJDK 64-Bit Server VM (11.0.4+11-post-Ubuntu-1ubuntu218.04.3) for linux-amd64 JRE (11.0.4+11-post-Ubuntu-1ubuntu218.04.3), built on Jul 18 2019 18:21:46 by "buildd" with gcc 7.4.0

END.
