#
# There is insufficient memory for the Java Runtime Environment to continue.
# Native memory allocation (mmap) failed to map 357892096 bytes for committing reserved memory.
# Possible reasons:
#   The system is out of physical RAM or swap space
#   The process is running with CompressedOops enabled, and the Java Heap may be blocking the growth of the native heap
# Possible solutions:
#   Reduce memory load on the system
#   Increase physical memory or swap space
#   Check if swap backing store is full
#   Decrease Java heap size (-Xmx/-Xms)
#   Decrease number of Java threads
#   Decrease Java thread stack sizes (-Xss)
#   Set larger code cache with -XX:ReservedCodeCacheSize=
# This output file may be truncated or incomplete.
#
#  Out of Memory Error (os_linux.cpp:2757), pid=1883, tid=0x00007f8dfda0c700
#
# JRE version:  (8.0_222-b10) (build )
# Java VM: OpenJDK 64-Bit Server VM (25.222-b10 mixed mode linux-amd64 compressed oops)
# Failed to write core dump. Core dumps have been disabled. To enable core dumping, try "ulimit -c unlimited" before starting Java again
#

---------------  T H R E A D  ---------------

Current thread (0x00007f8df400b000):  JavaThread "Unknown thread" [_thread_in_vm, id=1884, stack(0x00007f8dfd90d000,0x00007f8dfda0d000)]

Stack: [0x00007f8dfd90d000,0x00007f8dfda0d000],  sp=0x00007f8dfda0b570,  free space=1017k
Native frames: (J=compiled Java code, j=interpreted, Vv=VM code, C=native code)
V  [libjvm.so+0xab8992]
V  [libjvm.so+0x4dbfd7]
V  [libjvm.so+0x8f33a0]
V  [libjvm.so+0x8ea46e]
V  [libjvm.so+0xab4bdc]
V  [libjvm.so+0x5e45f6]
V  [libjvm.so+0x4e611f]
V  [libjvm.so+0x5e601d]
V  [libjvm.so+0x5d016f]
V  [libjvm.so+0xa7ad9a]
V  [libjvm.so+0xa7b095]
V  [libjvm.so+0x62903f]
V  [libjvm.so+0xa5ea63]
V  [libjvm.so+0x6ac371]  JNI_CreateJavaVM+0x61
C  [libjli.so+0x2c64]
C  [libjli.so+0x773d]
C  [libpthread.so.0+0x76db]  start_thread+0xdb


---------------  P R O C E S S  ---------------

Java Threads: ( => current thread )

Other Threads:

=>0x00007f8df400b000 (exited) JavaThread "Unknown thread" [_thread_in_vm, id=1884, stack(0x00007f8dfd90d000,0x00007f8dfda0d000)]

VM state:not at safepoint (not fully initialized)

VM Mutex/Monitor currently owned by a thread: None

heap address: 0x00000000c0000000, size: 1024 MB, Compressed Oops mode: Non-zero based:0x00000000bffff000
Narrow klass base: 0x0000000000000000, Narrow klass shift: 0

GC Heap History (0 events):
No events

Deoptimization events (0 events):
No events

Classes redefined (0 events):
No events

Internal exceptions (0 events):
No events

Events (0 events):
No events


Dynamic libraries:
d5550000-100000000 ---p 00000000 00:00 0 
561237d47000-561237d48000 r-xp 00000000 fc:01 260705                     /usr/lib/jvm/java-8-openjdk-amd64/jre/bin/java
561237f47000-561237f48000 r--p 00000000 fc:01 260705                     /usr/lib/jvm/java-8-openjdk-amd64/jre/bin/java
561237f48000-561237f49000 rw-p 00001000 fc:01 260705                     /usr/lib/jvm/java-8-openjdk-amd64/jre/bin/java
5612399c3000-5612399e4000 rw-p 00000000 00:00 0                          [heap]
7f8dec000000-7f8dec270000 rwxp 00000000 00:00 0 
7f8dec270000-7f8df4000000 ---p 00000000 00:00 0 
7f8df4000000-7f8df4032000 rw-p 00000000 00:00 0 
7f8df4032000-7f8df8000000 ---p 00000000 00:00 0 
7f8df9e56000-7f8dfa056000 ---p 00000000 00:00 0 
7f8dfa056000-7f8dfa061000 rw-p 00000000 00:00 0 
7f8dfa061000-7f8dfa257000 ---p 00000000 00:00 0 
7f8dfa257000-7f8dfa25f000 r-xp 00000000 fc:01 260751                     /usr/lib/jvm/java-8-openjdk-amd64/jre/lib/amd64/libzip.so
7f8dfa25f000-7f8dfa45e000 ---p 00008000 fc:01 260751                     /usr/lib/jvm/java-8-openjdk-amd64/jre/lib/amd64/libzip.so
7f8dfa45e000-7f8dfa45f000 r--p 00007000 fc:01 260751                     /usr/lib/jvm/java-8-openjdk-amd64/jre/lib/amd64/libzip.so
7f8dfa45f000-7f8dfa460000 rw-p 00008000 fc:01 260751                     /usr/lib/jvm/java-8-openjdk-amd64/jre/lib/amd64/libzip.so
7f8dfa460000-7f8dfa46b000 r-xp 00000000 fc:01 2093                       /lib/x86_64-linux-gnu/libnss_files-2.27.so
7f8dfa46b000-7f8dfa66a000 ---p 0000b000 fc:01 2093                       /lib/x86_64-linux-gnu/libnss_files-2.27.so
7f8dfa66a000-7f8dfa66b000 r--p 0000a000 fc:01 2093                       /lib/x86_64-linux-gnu/libnss_files-2.27.so
7f8dfa66b000-7f8dfa66c000 rw-p 0000b000 fc:01 2093                       /lib/x86_64-linux-gnu/libnss_files-2.27.so
7f8dfa66c000-7f8dfa672000 rw-p 00000000 00:00 0 
7f8dfa672000-7f8dfa689000 r-xp 00000000 fc:01 2090                       /lib/x86_64-linux-gnu/libnsl-2.27.so
7f8dfa689000-7f8dfa888000 ---p 00017000 fc:01 2090                       /lib/x86_64-linux-gnu/libnsl-2.27.so
7f8dfa888000-7f8dfa889000 r--p 00016000 fc:01 2090                       /lib/x86_64-linux-gnu/libnsl-2.27.so
7f8dfa889000-7f8dfa88a000 rw-p 00017000 fc:01 2090                       /lib/x86_64-linux-gnu/libnsl-2.27.so
7f8dfa88a000-7f8dfa88c000 rw-p 00000000 00:00 0 
7f8dfa88c000-7f8dfa897000 r-xp 00000000 fc:01 2095                       /lib/x86_64-linux-gnu/libnss_nis-2.27.so
7f8dfa897000-7f8dfaa96000 ---p 0000b000 fc:01 2095                       /lib/x86_64-linux-gnu/libnss_nis-2.27.so
7f8dfaa96000-7f8dfaa97000 r--p 0000a000 fc:01 2095                       /lib/x86_64-linux-gnu/libnss_nis-2.27.so
7f8dfaa97000-7f8dfaa98000 rw-p 0000b000 fc:01 2095                       /lib/x86_64-linux-gnu/libnss_nis-2.27.so
7f8dfaa98000-7f8dfaaa0000 r-xp 00000000 fc:01 2091                       /lib/x86_64-linux-gnu/libnss_compat-2.27.so
7f8dfaaa0000-7f8dfaca0000 ---p 00008000 fc:01 2091                       /lib/x86_64-linux-gnu/libnss_compat-2.27.so
7f8dfaca0000-7f8dfaca1000 r--p 00008000 fc:01 2091                       /lib/x86_64-linux-gnu/libnss_compat-2.27.so
7f8dfaca1000-7f8dfaca2000 rw-p 00009000 fc:01 2091                       /lib/x86_64-linux-gnu/libnss_compat-2.27.so
7f8dfaca2000-7f8dfaccc000 r-xp 00000000 fc:01 260732                     /usr/lib/jvm/java-8-openjdk-amd64/jre/lib/amd64/libjava.so
7f8dfaccc000-7f8dfaecb000 ---p 0002a000 fc:01 260732                     /usr/lib/jvm/java-8-openjdk-amd64/jre/lib/amd64/libjava.so
7f8dfaecb000-7f8dfaecc000 r--p 00029000 fc:01 260732                     /usr/lib/jvm/java-8-openjdk-amd64/jre/lib/amd64/libjava.so
7f8dfaecc000-7f8dfaece000 rw-p 0002a000 fc:01 260732                     /usr/lib/jvm/java-8-openjdk-amd64/jre/lib/amd64/libjava.so
7f8dfaece000-7f8dfaede000 r-xp 00000000 fc:01 260750                     /usr/lib/jvm/java-8-openjdk-amd64/jre/lib/amd64/libverify.so
7f8dfaede000-7f8dfb0dd000 ---p 00010000 fc:01 260750                     /usr/lib/jvm/java-8-openjdk-amd64/jre/lib/amd64/libverify.so
7f8dfb0dd000-7f8dfb0df000 r--p 0000f000 fc:01 260750                     /usr/lib/jvm/java-8-openjdk-amd64/jre/lib/amd64/libverify.so
7f8dfb0df000-7f8dfb0e0000 rw-p 00011000 fc:01 260750                     /usr/lib/jvm/java-8-openjdk-amd64/jre/lib/amd64/libverify.so
7f8dfb0e0000-7f8dfb0e7000 r-xp 00000000 fc:01 2180                       /lib/x86_64-linux-gnu/librt-2.27.so
7f8dfb0e7000-7f8dfb2e6000 ---p 00007000 fc:01 2180                       /lib/x86_64-linux-gnu/librt-2.27.so
7f8dfb2e6000-7f8dfb2e7000 r--p 00006000 fc:01 2180                       /lib/x86_64-linux-gnu/librt-2.27.so
7f8dfb2e7000-7f8dfb2e8000 rw-p 00007000 fc:01 2180                       /lib/x86_64-linux-gnu/librt-2.27.so
7f8dfb2e8000-7f8dfb2ff000 r-xp 00000000 fc:01 2096                       /lib/x86_64-linux-gnu/libgcc_s.so.1
7f8dfb2ff000-7f8dfb4fe000 ---p 00017000 fc:01 2096                       /lib/x86_64-linux-gnu/libgcc_s.so.1
7f8dfb4fe000-7f8dfb4ff000 r--p 00016000 fc:01 2096                       /lib/x86_64-linux-gnu/libgcc_s.so.1
7f8dfb4ff000-7f8dfb500000 rw-p 00017000 fc:01 2096                       /lib/x86_64-linux-gnu/libgcc_s.so.1
7f8dfb500000-7f8dfb69d000 r-xp 00000000 fc:01 2087                       /lib/x86_64-linux-gnu/libm-2.27.so
7f8dfb69d000-7f8dfb89c000 ---p 0019d000 fc:01 2087                       /lib/x86_64-linux-gnu/libm-2.27.so
7f8dfb89c000-7f8dfb89d000 r--p 0019c000 fc:01 2087                       /lib/x86_64-linux-gnu/libm-2.27.so
7f8dfb89d000-7f8dfb89e000 rw-p 0019d000 fc:01 2087                       /lib/x86_64-linux-gnu/libm-2.27.so
7f8dfb89e000-7f8dfba17000 r-xp 00000000 fc:01 5016                       /usr/lib/x86_64-linux-gnu/libstdc++.so.6.0.25
7f8dfba17000-7f8dfbc17000 ---p 00179000 fc:01 5016                       /usr/lib/x86_64-linux-gnu/libstdc++.so.6.0.25
7f8dfbc17000-7f8dfbc21000 r--p 00179000 fc:01 5016                       /usr/lib/x86_64-linux-gnu/libstdc++.so.6.0.25
7f8dfbc21000-7f8dfbc23000 rw-p 00183000 fc:01 5016                       /usr/lib/x86_64-linux-gnu/libstdc++.so.6.0.25
7f8dfbc23000-7f8dfbc27000 rw-p 00000000 00:00 0 
7f8dfbc27000-7f8dfc8c6000 r-xp 00000000 fc:01 260754                     /usr/lib/jvm/java-8-openjdk-amd64/jre/lib/amd64/server/libjvm.so
7f8dfc8c6000-7f8dfcac6000 ---p 00c9f000 fc:01 260754                     /usr/lib/jvm/java-8-openjdk-amd64/jre/lib/amd64/server/libjvm.so
7f8dfcac6000-7f8dfcb5a000 r--p 00c9f000 fc:01 260754                     /usr/lib/jvm/java-8-openjdk-amd64/jre/lib/amd64/server/libjvm.so
7f8dfcb5a000-7f8dfcb83000 rw-p 00d33000 fc:01 260754                     /usr/lib/jvm/java-8-openjdk-amd64/jre/lib/amd64/server/libjvm.so
7f8dfcb83000-7f8dfcbb3000 rw-p 00000000 00:00 0 
7f8dfcbb3000-7f8dfcbcd000 r-xp 00000000 fc:01 2178                       /lib/x86_64-linux-gnu/libpthread-2.27.so
7f8dfcbcd000-7f8dfcdcc000 ---p 0001a000 fc:01 2178                       /lib/x86_64-linux-gnu/libpthread-2.27.so
7f8dfcdcc000-7f8dfcdcd000 r--p 00019000 fc:01 2178                       /lib/x86_64-linux-gnu/libpthread-2.27.so
7f8dfcdcd000-7f8dfcdce000 rw-p 0001a000 fc:01 2178                       /lib/x86_64-linux-gnu/libpthread-2.27.so
7f8dfcdce000-7f8dfcdd2000 rw-p 00000000 00:00 0 
7f8dfcdd2000-7f8dfcdd5000 r-xp 00000000 fc:01 2086                       /lib/x86_64-linux-gnu/libdl-2.27.so
7f8dfcdd5000-7f8dfcfd4000 ---p 00003000 fc:01 2086                       /lib/x86_64-linux-gnu/libdl-2.27.so
7f8dfcfd4000-7f8dfcfd5000 r--p 00002000 fc:01 2086                       /lib/x86_64-linux-gnu/libdl-2.27.so
7f8dfcfd5000-7f8dfcfd6000 rw-p 00003000 fc:01 2086                       /lib/x86_64-linux-gnu/libdl-2.27.so
7f8dfcfd6000-7f8dfcff2000 r-xp 00000000 fc:01 2183                       /lib/x86_64-linux-gnu/libz.so.1.2.11
7f8dfcff2000-7f8dfd1f1000 ---p 0001c000 fc:01 2183                       /lib/x86_64-linux-gnu/libz.so.1.2.11
7f8dfd1f1000-7f8dfd1f2000 r--p 0001b000 fc:01 2183                       /lib/x86_64-linux-gnu/libz.so.1.2.11
7f8dfd1f2000-7f8dfd1f3000 rw-p 0001c000 fc:01 2183                       /lib/x86_64-linux-gnu/libz.so.1.2.11
7f8dfd1f3000-7f8dfd3da000 r-xp 00000000 fc:01 2083                       /lib/x86_64-linux-gnu/libc-2.27.so
7f8dfd3da000-7f8dfd5da000 ---p 001e7000 fc:01 2083                       /lib/x86_64-linux-gnu/libc-2.27.so
7f8dfd5da000-7f8dfd5de000 r--p 001e7000 fc:01 2083                       /lib/x86_64-linux-gnu/libc-2.27.so
7f8dfd5de000-7f8dfd5e0000 rw-p 001eb000 fc:01 2083                       /lib/x86_64-linux-gnu/libc-2.27.so
7f8dfd5e0000-7f8dfd5e4000 rw-p 00000000 00:00 0 
7f8dfd5e4000-7f8dfd5f2000 r-xp 00000000 fc:01 260718                     /usr/lib/jvm/java-8-openjdk-amd64/jre/lib/amd64/jli/libjli.so
7f8dfd5f2000-7f8dfd7f1000 ---p 0000e000 fc:01 260718                     /usr/lib/jvm/java-8-openjdk-amd64/jre/lib/amd64/jli/libjli.so
7f8dfd7f1000-7f8dfd7f2000 r--p 0000d000 fc:01 260718                     /usr/lib/jvm/java-8-openjdk-amd64/jre/lib/amd64/jli/libjli.so
7f8dfd7f2000-7f8dfd7f3000 rw-p 0000e000 fc:01 260718                     /usr/lib/jvm/java-8-openjdk-amd64/jre/lib/amd64/jli/libjli.so
7f8dfd7f3000-7f8dfd81a000 r-xp 00000000 fc:01 2079                       /lib/x86_64-linux-gnu/ld-2.27.so
7f8dfd904000-7f8dfd90c000 rw-s 00000000 fc:01 520989                     /tmp/hsperfdata_root/1883
7f8dfd90c000-7f8dfd90d000 ---p 00000000 00:00 0 
7f8dfd90d000-7f8dfd910000 ---p 00000000 00:00 0 
7f8dfd910000-7f8dfda0f000 rw-p 00000000 00:00 0 
7f8dfda16000-7f8dfda17000 rw-p 00000000 00:00 0 
7f8dfda17000-7f8dfda18000 r--p 00000000 00:00 0 
7f8dfda18000-7f8dfda1a000 rw-p 00000000 00:00 0 
7f8dfda1a000-7f8dfda1b000 r--p 00027000 fc:01 2079                       /lib/x86_64-linux-gnu/ld-2.27.so
7f8dfda1b000-7f8dfda1c000 rw-p 00028000 fc:01 2079                       /lib/x86_64-linux-gnu/ld-2.27.so
7f8dfda1c000-7f8dfda1d000 rw-p 00000000 00:00 0 
7ffeaff20000-7ffeaff41000 rw-p 00000000 00:00 0                          [stack]
7ffeaff6f000-7ffeaff72000 r--p 00000000 00:00 0                          [vvar]
7ffeaff72000-7ffeaff74000 r-xp 00000000 00:00 0                          [vdso]
ffffffffff600000-ffffffffff601000 r-xp 00000000 00:00 0                  [vsyscall]

VM Arguments:
jvm_args: -Xms1024m -Xmx1024m -XX:ReservedCodeCacheSize=128m -XX:MaxMetaspaceSize=256m 
java_command: /usr/share/sbt/bin/sbt-launch.jar
java_class_path (initial): /usr/share/sbt/bin/sbt-launch.jar
Launcher Type: SUN_STANDARD

Environment Variables:
PATH=/usr/local/spark/bin:/usr/local/sbin:/usr/local/bin:/usr/sbin:/usr/bin:/sbin:/bin:/usr/games:/usr/local/games:/snap/bin
SHELL=/bin/bash

Signal Handlers:
SIGSEGV: [libjvm.so+0xab92f0], sa_mask[0]=11111111011111111101111111111110, sa_flags=SA_RESTART|SA_SIGINFO
SIGBUS: [libjvm.so+0xab92f0], sa_mask[0]=11111111011111111101111111111110, sa_flags=SA_RESTART|SA_SIGINFO
SIGFPE: [libjvm.so+0x8ee560], sa_mask[0]=11111111011111111101111111111110, sa_flags=SA_RESTART|SA_SIGINFO
SIGPIPE: [libjvm.so+0x8ee560], sa_mask[0]=11111111011111111101111111111110, sa_flags=SA_RESTART|SA_SIGINFO
SIGXFSZ: [libjvm.so+0x8ee560], sa_mask[0]=11111111011111111101111111111110, sa_flags=SA_RESTART|SA_SIGINFO
SIGILL: [libjvm.so+0x8ee560], sa_mask[0]=11111111011111111101111111111110, sa_flags=SA_RESTART|SA_SIGINFO
SIGUSR1: SIG_DFL, sa_mask[0]=00000000000000000000000000000000, sa_flags=none
SIGUSR2: [libjvm.so+0x8ee410], sa_mask[0]=00000000000000000000000000000000, sa_flags=SA_RESTART|SA_SIGINFO
SIGHUP: SIG_DFL, sa_mask[0]=00000000000000000000000000000000, sa_flags=none
SIGINT: SIG_DFL, sa_mask[0]=00000000000000000000000000000000, sa_flags=none
SIGTERM: SIG_DFL, sa_mask[0]=00000000000000000000000000000000, sa_flags=none
SIGQUIT: SIG_DFL, sa_mask[0]=00000000000000000000000000000000, sa_flags=none


---------------  S Y S T E M  ---------------

OS:DISTRIB_ID=Ubuntu
DISTRIB_RELEASE=18.04
DISTRIB_CODENAME=bionic
DISTRIB_DESCRIPTION="Ubuntu 18.04.3 LTS"

uname:Linux 4.15.0-58-generic #64-Ubuntu SMP Tue Aug 6 11:12:41 UTC 2019 x86_64
libc:glibc 2.27 NPTL 2.27 
rlimit: STACK 8192k, CORE 0k, NPROC 7872, NOFILE 1048576, AS infinity
load average:0.19 0.29 0.18

/proc/meminfo:
MemTotal:        2041348 kB
MemFree:           74400 kB
MemAvailable:      19636 kB
Buffers:            1892 kB
Cached:            22532 kB
SwapCached:            0 kB
Active:          1882744 kB
Inactive:          12164 kB
Active(anon):    1870948 kB
Inactive(anon):      228 kB
Active(file):      11796 kB
Inactive(file):    11936 kB
Unevictable:           0 kB
Mlocked:               0 kB
SwapTotal:             0 kB
SwapFree:              0 kB
Dirty:               104 kB
Writeback:             0 kB
AnonPages:       1870596 kB
Mapped:            12552 kB
Shmem:               612 kB
Slab:              41268 kB
SReclaimable:      17480 kB
SUnreclaim:        23788 kB
KernelStack:        3904 kB
PageTables:         8476 kB
NFS_Unstable:          0 kB
Bounce:                0 kB
WritebackTmp:          0 kB
CommitLimit:     1020672 kB
Committed_AS:    3426996 kB
VmallocTotal:   34359738367 kB
VmallocUsed:           0 kB
VmallocChunk:          0 kB
HardwareCorrupted:     0 kB
AnonHugePages:         0 kB
ShmemHugePages:        0 kB
ShmemPmdMapped:        0 kB
CmaTotal:              0 kB
CmaFree:               0 kB
HugePages_Total:       0
HugePages_Free:        0
HugePages_Rsvd:        0
HugePages_Surp:        0
Hugepagesize:       2048 kB
DirectMap4k:       69612 kB
DirectMap2M:     2027520 kB
DirectMap1G:           0 kB

container (cgroup) information:
container_type: cgroupv1
cpu_cpuset_cpus: 0
cpu_memory_nodes: 0
active_processor_count: 1
cpu_quota: -1
cpu_period: 100000
cpu_shares: -1
memory_limit_in_bytes: -1
memory_and_swap_limit_in_bytes: -2
memory_soft_limit_in_bytes: -1
memory_usage_in_bytes: 1875574784
memory_max_usage_in_bytes: 1879797760


CPU:total 1 (initial active 1) (1 cores per cpu, 1 threads per core) family 6 model 85 stepping 4, cmov, cx8, fxsr, mmx, sse, sse2, sse3, ssse3, sse4.1, sse4.2, popcnt, avx, avx2, aes, clmul, erms, rtm, 3dnowpref, lzcnt, tsc, bmi1, bmi2, adx

/proc/cpuinfo:
processor	: 0
vendor_id	: GenuineIntel
cpu family	: 6
model		: 85
model name	: Intel(R) Xeon(R) Gold 6140 CPU @ 2.30GHz
stepping	: 4
microcode	: 0x1
cpu MHz		: 2294.608
cache size	: 25344 KB
physical id	: 0
siblings	: 1
core id		: 0
cpu cores	: 1
apicid		: 0
initial apicid	: 0
fpu		: yes
fpu_exception	: yes
cpuid level	: 13
wp		: yes
flags		: fpu vme de pse tsc msr pae mce cx8 apic sep mtrr pge mca cmov pat pse36 clflush mmx fxsr sse sse2 ss syscall nx pdpe1gb rdtscp lm constant_tsc arch_perfmon rep_good nopl cpuid tsc_known_freq pni pclmulqdq vmx ssse3 fma cx16 pcid sse4_1 sse4_2 x2apic movbe popcnt tsc_deadline_timer aes xsave avx f16c rdrand hypervisor lahf_lm abm 3dnowprefetch cpuid_fault invpcid_single pti ssbd ibrs ibpb tpr_shadow vnmi flexpriority ept vpid fsgsbase tsc_adjust bmi1 hle avx2 smep bmi2 erms invpcid rtm mpx avx512f avx512dq rdseed adx smap clflushopt clwb avx512cd avx512bw avx512vl xsaveopt xsavec xgetbv1 xsaves pku ospke md_clear
bugs		: cpu_meltdown spectre_v1 spectre_v2 spec_store_bypass l1tf mds swapgs
bogomips	: 4589.21
clflush size	: 64
cache_alignment	: 64
address sizes	: 40 bits physical, 48 bits virtual
power management:



Memory: 4k page, physical 2041348k(74276k free), swap 0k(0k free)

vm_info: OpenJDK 64-Bit Server VM (25.222-b10) for linux-amd64 JRE (1.8.0_222-8u222-b10-1ubuntu1~18.04.1-b10), built on Jul 18 2019 18:52:48 by "buildd" with gcc 7.4.0

time: Sat Sep  7 21:40:43 2019
timezone: UTC
elapsed time: 0 seconds (0d 0h 0m 0s)

