#
# There is insufficient memory for the Java Runtime Environment to continue.
# Native memory allocation (mmap) failed to map 5570560 bytes for committing reserved memory.
# Possible reasons:
#   The system is out of physical RAM or swap space
#   The process is running with CompressedOops enabled, and the Java Heap may be blocking the growth of the native heap
# Possible solutions:
#   Reduce memory load on the system
#   Increase physical memory or swap space
#   Check if swap backing store is full
#   Decrease Java heap size (-Xmx/-Xms)
#   Decrease number of Java threads
#   Decrease Java thread stack sizes (-Xss)
#   Set larger code cache with -XX:ReservedCodeCacheSize=
# This output file may be truncated or incomplete.
#
#  Out of Memory Error (os_linux.cpp:2893), pid=2713, tid=2715
#
# JRE version:  (11.0.4+11) (build )
# Java VM: OpenJDK 64-Bit Server VM (11.0.4+11-post-Ubuntu-1ubuntu218.04.3, mixed mode, aot, sharing, tiered, compressed oops, serial gc, linux-amd64)
# Core dump will be written. Default location: Core dumps may be processed with "/usr/share/apport/apport %p %s %c %d %P" (or dumping to /root/StreetCred/StreetCredPlay/core.2713)
#

---------------  S U M M A R Y ------------

Command Line: -Xmx512M 

Host: Intel(R) Xeon(R) Gold 6140 CPU @ 2.30GHz, 1 cores, 985M, Ubuntu 18.04.3 LTS
Time: Sat Sep  7 18:33:06 2019 UTC elapsed time: 3 seconds (0d 0h 0m 3s)

---------------  T H R E A D  ---------------

Current thread (0x00007f4528011000):  JavaThread "Unknown thread" [_thread_in_vm, id=2715, stack(0x00007f452fab7000,0x00007f452fbb8000)]

Stack: [0x00007f452fab7000,0x00007f452fbb8000],  sp=0x00007f452fbb6410,  free space=1021k
Native frames: (J=compiled Java code, A=aot compiled Java code, j=interpreted, Vv=VM code, C=native code)
V  [libjvm.so+0xde4547]
V  [libjvm.so+0xde519b]
V  [libjvm.so+0x6511a5]
V  [libjvm.so+0xbbebe2]
V  [libjvm.so+0xbb5bef]
V  [libjvm.so+0xddb6fb]
V  [libjvm.so+0x7c27e9]
V  [libjvm.so+0x655d2e]
V  [libjvm.so+0x7c3611]
V  [libjvm.so+0x7acc0e]
V  [libjvm.so+0xd9ea32]
V  [libjvm.so+0xd9ecc6]
V  [libjvm.so+0x80f907]
V  [libjvm.so+0xd7d627]
V  [libjvm.so+0x8c8611]  JNI_CreateJavaVM+0x51
C  [libjli.so+0x4a66]
C  [libjli.so+0x92cd]


---------------  P R O C E S S  ---------------

Threads class SMR info:
_java_thread_list=0x00005581d05f5ef0, length=0, elements={
}

Java Threads: ( => current thread )

Other Threads:

=>0x00007f4528011000 (exited) JavaThread "Unknown thread" [_thread_in_vm, id=2715, stack(0x00007f452fab7000,0x00007f452fbb8000)]

Threads with active compile tasks:

VM state:not at safepoint (not fully initialized)

VM Mutex/Monitor currently owned by a thread: None

Heap address: 0x00000000e0000000, size: 512 MB, Compressed Oops mode: Non-zero based: 0x00000000e0000000
Narrow klass base: 0x0000000000000000, Narrow klass shift: 0

GC Heap History (0 events):
No events

Deoptimization events (0 events):
No events

Classes redefined (0 events):
No events

Internal exceptions (0 events):
No events

Events (0 events):
No events


Dynamic libraries:
e0550000-100000000 ---p 00000000 00:00 0 
5581cf091000-5581cf092000 r-xp 00000000 fc:01 258657                     /usr/lib/jvm/java-11-openjdk-amd64/bin/java
5581cf292000-5581cf293000 r--p 00001000 fc:01 258657                     /usr/lib/jvm/java-11-openjdk-amd64/bin/java
5581cf293000-5581cf294000 rw-p 00002000 fc:01 258657                     /usr/lib/jvm/java-11-openjdk-amd64/bin/java
5581d05de000-5581d05ff000 rw-p 00000000 00:00 0                          [heap]
7f451035c000-7f451045c000 ---p 00000000 00:00 0 
7f451045c000-7f4510462000 rw-p 00000000 00:00 0 
7f4510462000-7f4510548000 ---p 00000000 00:00 0 
7f4510548000-7f45107b8000 rwxp 00000000 00:00 0 
7f45107b8000-7f4510ad7000 ---p 00000000 00:00 0 
7f4510ad7000-7f4510d47000 rwxp 00000000 00:00 0 
7f4510d47000-7f451800f000 ---p 00000000 00:00 0 
7f451800f000-7f451827f000 rwxp 00000000 00:00 0 
7f451827f000-7f451f548000 ---p 00000000 00:00 0 
7f451f548000-7f4527bf2000 r--s 00000000 fc:01 258820                     /usr/lib/jvm/java-11-openjdk-amd64/lib/modules
7f4527bf2000-7f4527bf7000 r-xp 00000000 fc:01 258802                     /usr/lib/jvm/java-11-openjdk-amd64/lib/libjimage.so
7f4527bf7000-7f4527df6000 ---p 00005000 fc:01 258802                     /usr/lib/jvm/java-11-openjdk-amd64/lib/libjimage.so
7f4527df6000-7f4527df7000 r--p 00004000 fc:01 258802                     /usr/lib/jvm/java-11-openjdk-amd64/lib/libjimage.so
7f4527df7000-7f4527df8000 rw-p 00005000 fc:01 258802                     /usr/lib/jvm/java-11-openjdk-amd64/lib/libjimage.so
7f4527df8000-7f4527dff000 r-xp 00000000 fc:01 258819                     /usr/lib/jvm/java-11-openjdk-amd64/lib/libzip.so
7f4527dff000-7f4527ffe000 ---p 00007000 fc:01 258819                     /usr/lib/jvm/java-11-openjdk-amd64/lib/libzip.so
7f4527ffe000-7f4527fff000 r--p 00006000 fc:01 258819                     /usr/lib/jvm/java-11-openjdk-amd64/lib/libzip.so
7f4527fff000-7f4528000000 rw-p 00007000 fc:01 258819                     /usr/lib/jvm/java-11-openjdk-amd64/lib/libzip.so
7f4528000000-7f452802c000 rw-p 00000000 00:00 0 
7f452802c000-7f452c000000 ---p 00000000 00:00 0 
7f452c096000-7f452c09b000 rw-p 00000000 00:00 0 
7f452c09b000-7f452c181000 ---p 00000000 00:00 0 
7f452c181000-7f452c18c000 r-xp 00000000 fc:01 2093                       /lib/x86_64-linux-gnu/libnss_files-2.27.so
7f452c18c000-7f452c38b000 ---p 0000b000 fc:01 2093                       /lib/x86_64-linux-gnu/libnss_files-2.27.so
7f452c38b000-7f452c38c000 r--p 0000a000 fc:01 2093                       /lib/x86_64-linux-gnu/libnss_files-2.27.so
7f452c38c000-7f452c38d000 rw-p 0000b000 fc:01 2093                       /lib/x86_64-linux-gnu/libnss_files-2.27.so
7f452c38d000-7f452c393000 rw-p 00000000 00:00 0 
7f452c393000-7f452c3aa000 r-xp 00000000 fc:01 2090                       /lib/x86_64-linux-gnu/libnsl-2.27.so
7f452c3aa000-7f452c5a9000 ---p 00017000 fc:01 2090                       /lib/x86_64-linux-gnu/libnsl-2.27.so
7f452c5a9000-7f452c5aa000 r--p 00016000 fc:01 2090                       /lib/x86_64-linux-gnu/libnsl-2.27.so
7f452c5aa000-7f452c5ab000 rw-p 00017000 fc:01 2090                       /lib/x86_64-linux-gnu/libnsl-2.27.so
7f452c5ab000-7f452c5ad000 rw-p 00000000 00:00 0 
7f452c5ad000-7f452c5b8000 r-xp 00000000 fc:01 2095                       /lib/x86_64-linux-gnu/libnss_nis-2.27.so
7f452c5b8000-7f452c7b7000 ---p 0000b000 fc:01 2095                       /lib/x86_64-linux-gnu/libnss_nis-2.27.so
7f452c7b7000-7f452c7b8000 r--p 0000a000 fc:01 2095                       /lib/x86_64-linux-gnu/libnss_nis-2.27.so
7f452c7b8000-7f452c7b9000 rw-p 0000b000 fc:01 2095                       /lib/x86_64-linux-gnu/libnss_nis-2.27.so
7f452c7b9000-7f452c7c1000 r-xp 00000000 fc:01 2091                       /lib/x86_64-linux-gnu/libnss_compat-2.27.so
7f452c7c1000-7f452c9c1000 ---p 00008000 fc:01 2091                       /lib/x86_64-linux-gnu/libnss_compat-2.27.so
7f452c9c1000-7f452c9c2000 r--p 00008000 fc:01 2091                       /lib/x86_64-linux-gnu/libnss_compat-2.27.so
7f452c9c2000-7f452c9c3000 rw-p 00009000 fc:01 2091                       /lib/x86_64-linux-gnu/libnss_compat-2.27.so
7f452c9c3000-7f452c9ec000 r-xp 00000000 fc:01 258798                     /usr/lib/jvm/java-11-openjdk-amd64/lib/libjava.so
7f452c9ec000-7f452cbeb000 ---p 00029000 fc:01 258798                     /usr/lib/jvm/java-11-openjdk-amd64/lib/libjava.so
7f452cbeb000-7f452cbec000 r--p 00028000 fc:01 258798                     /usr/lib/jvm/java-11-openjdk-amd64/lib/libjava.so
7f452cbec000-7f452cbee000 rw-p 00029000 fc:01 258798                     /usr/lib/jvm/java-11-openjdk-amd64/lib/libjava.so
7f452cbee000-7f452cbfb000 r-xp 00000000 fc:01 258818                     /usr/lib/jvm/java-11-openjdk-amd64/lib/libverify.so
7f452cbfb000-7f452cdfa000 ---p 0000d000 fc:01 258818                     /usr/lib/jvm/java-11-openjdk-amd64/lib/libverify.so
7f452cdfa000-7f452cdfc000 r--p 0000c000 fc:01 258818                     /usr/lib/jvm/java-11-openjdk-amd64/lib/libverify.so
7f452cdfc000-7f452cdfd000 rw-p 0000e000 fc:01 258818                     /usr/lib/jvm/java-11-openjdk-amd64/lib/libverify.so
7f452cdfd000-7f452ce04000 r-xp 00000000 fc:01 2180                       /lib/x86_64-linux-gnu/librt-2.27.so
7f452ce04000-7f452d003000 ---p 00007000 fc:01 2180                       /lib/x86_64-linux-gnu/librt-2.27.so
7f452d003000-7f452d004000 r--p 00006000 fc:01 2180                       /lib/x86_64-linux-gnu/librt-2.27.so
7f452d004000-7f452d005000 rw-p 00007000 fc:01 2180                       /lib/x86_64-linux-gnu/librt-2.27.so
7f452d005000-7f452d01c000 r-xp 00000000 fc:01 2096                       /lib/x86_64-linux-gnu/libgcc_s.so.1
7f452d01c000-7f452d21b000 ---p 00017000 fc:01 2096                       /lib/x86_64-linux-gnu/libgcc_s.so.1
7f452d21b000-7f452d21c000 r--p 00016000 fc:01 2096                       /lib/x86_64-linux-gnu/libgcc_s.so.1
7f452d21c000-7f452d21d000 rw-p 00017000 fc:01 2096                       /lib/x86_64-linux-gnu/libgcc_s.so.1
7f452d21d000-7f452d3ba000 r-xp 00000000 fc:01 2087                       /lib/x86_64-linux-gnu/libm-2.27.so
7f452d3ba000-7f452d5b9000 ---p 0019d000 fc:01 2087                       /lib/x86_64-linux-gnu/libm-2.27.so
7f452d5b9000-7f452d5ba000 r--p 0019c000 fc:01 2087                       /lib/x86_64-linux-gnu/libm-2.27.so
7f452d5ba000-7f452d5bb000 rw-p 0019d000 fc:01 2087                       /lib/x86_64-linux-gnu/libm-2.27.so
7f452d5bb000-7f452d734000 r-xp 00000000 fc:01 5016                       /usr/lib/x86_64-linux-gnu/libstdc++.so.6.0.25
7f452d734000-7f452d934000 ---p 00179000 fc:01 5016                       /usr/lib/x86_64-linux-gnu/libstdc++.so.6.0.25
7f452d934000-7f452d93e000 r--p 00179000 fc:01 5016                       /usr/lib/x86_64-linux-gnu/libstdc++.so.6.0.25
7f452d93e000-7f452d940000 rw-p 00183000 fc:01 5016                       /usr/lib/x86_64-linux-gnu/libstdc++.so.6.0.25
7f452d940000-7f452d944000 rw-p 00000000 00:00 0 
7f452d944000-7f452ea10000 r-xp 00000000 fc:01 258825                     /usr/lib/jvm/java-11-openjdk-amd64/lib/server/libjvm.so
7f452ea10000-7f452ec0f000 ---p 010cc000 fc:01 258825                     /usr/lib/jvm/java-11-openjdk-amd64/lib/server/libjvm.so
7f452ec0f000-7f452eccc000 r--p 010cb000 fc:01 258825                     /usr/lib/jvm/java-11-openjdk-amd64/lib/server/libjvm.so
7f452eccc000-7f452ed05000 rw-p 01188000 fc:01 258825                     /usr/lib/jvm/java-11-openjdk-amd64/lib/server/libjvm.so
7f452ed05000-7f452ed5b000 rw-p 00000000 00:00 0 
7f452ed5b000-7f452ed75000 r-xp 00000000 fc:01 2178                       /lib/x86_64-linux-gnu/libpthread-2.27.so
7f452ed75000-7f452ef74000 ---p 0001a000 fc:01 2178                       /lib/x86_64-linux-gnu/libpthread-2.27.so
7f452ef74000-7f452ef75000 r--p 00019000 fc:01 2178                       /lib/x86_64-linux-gnu/libpthread-2.27.so
7f452ef75000-7f452ef76000 rw-p 0001a000 fc:01 2178                       /lib/x86_64-linux-gnu/libpthread-2.27.so
7f452ef76000-7f452ef7a000 rw-p 00000000 00:00 0 
7f452ef7a000-7f452ef7d000 r-xp 00000000 fc:01 2086                       /lib/x86_64-linux-gnu/libdl-2.27.so
7f452ef7d000-7f452f17c000 ---p 00003000 fc:01 2086                       /lib/x86_64-linux-gnu/libdl-2.27.so
7f452f17c000-7f452f17d000 r--p 00002000 fc:01 2086                       /lib/x86_64-linux-gnu/libdl-2.27.so
7f452f17d000-7f452f17e000 rw-p 00003000 fc:01 2086                       /lib/x86_64-linux-gnu/libdl-2.27.so
7f452f17e000-7f452f19a000 r-xp 00000000 fc:01 2183                       /lib/x86_64-linux-gnu/libz.so.1.2.11
7f452f19a000-7f452f399000 ---p 0001c000 fc:01 2183                       /lib/x86_64-linux-gnu/libz.so.1.2.11
7f452f399000-7f452f39a000 r--p 0001b000 fc:01 2183                       /lib/x86_64-linux-gnu/libz.so.1.2.11
7f452f39a000-7f452f39b000 rw-p 0001c000 fc:01 2183                       /lib/x86_64-linux-gnu/libz.so.1.2.11
7f452f39b000-7f452f582000 r-xp 00000000 fc:01 2083                       /lib/x86_64-linux-gnu/libc-2.27.so
7f452f582000-7f452f782000 ---p 001e7000 fc:01 2083                       /lib/x86_64-linux-gnu/libc-2.27.so
7f452f782000-7f452f786000 r--p 001e7000 fc:01 2083                       /lib/x86_64-linux-gnu/libc-2.27.so
7f452f786000-7f452f788000 rw-p 001eb000 fc:01 2083                       /lib/x86_64-linux-gnu/libc-2.27.so
7f452f788000-7f452f78c000 rw-p 00000000 00:00 0 
7f452f78c000-7f452f79c000 r-xp 00000000 fc:01 258782                     /usr/lib/jvm/java-11-openjdk-amd64/lib/jli/libjli.so
7f452f79c000-7f452f99b000 ---p 00010000 fc:01 258782                     /usr/lib/jvm/java-11-openjdk-amd64/lib/jli/libjli.so
7f452f99b000-7f452f99c000 r--p 0000f000 fc:01 258782                     /usr/lib/jvm/java-11-openjdk-amd64/lib/jli/libjli.so
7f452f99c000-7f452f99d000 rw-p 00010000 fc:01 258782                     /usr/lib/jvm/java-11-openjdk-amd64/lib/jli/libjli.so
7f452f99d000-7f452f9c4000 r-xp 00000000 fc:01 2079                       /lib/x86_64-linux-gnu/ld-2.27.so
7f452faa3000-7f452faa8000 rw-p 00000000 00:00 0 
7f452faa8000-7f452faaf000 ---p 00000000 00:00 0 
7f452faaf000-7f452fab7000 rw-s 00000000 fc:01 520568                     /tmp/hsperfdata_root/2713
7f452fab7000-7f452fabb000 ---p 00000000 00:00 0 
7f452fabb000-7f452fbba000 rw-p 00000000 00:00 0 
7f452fbbe000-7f452fbc0000 r--s 00007000 fc:01 68575                      /usr/share/java/java-atk-wrapper.jar
7f452fbc0000-7f452fbc1000 ---p 00000000 00:00 0 
7f452fbc1000-7f452fbc2000 r--p 00000000 00:00 0 
7f452fbc2000-7f452fbc4000 rw-p 00000000 00:00 0 
7f452fbc4000-7f452fbc5000 r--p 00027000 fc:01 2079                       /lib/x86_64-linux-gnu/ld-2.27.so
7f452fbc5000-7f452fbc6000 rw-p 00028000 fc:01 2079                       /lib/x86_64-linux-gnu/ld-2.27.so
7f452fbc6000-7f452fbc7000 rw-p 00000000 00:00 0 
7ffc22225000-7ffc22246000 rw-p 00000000 00:00 0                          [stack]
7ffc2228e000-7ffc22291000 r--p 00000000 00:00 0                          [vvar]
7ffc22291000-7ffc22293000 r-xp 00000000 00:00 0                          [vdso]
ffffffffff600000-ffffffffff601000 r-xp 00000000 00:00 0                  [vsyscall]


VM Arguments:
jvm_args: -Xmx512M 
java_command: <unknown>
java_class_path (initial): <not set>
Launcher Type: SUN_STANDARD

[Global flags]
     intx CICompilerCount                          = 2                                         {product} {ergonomic}
   size_t InitialHeapSize                          = 16777216                                  {product} {ergonomic}
   size_t MaxHeapSize                              = 536870912                                 {product} {command line}
   size_t MaxNewSize                               = 178913280                                 {product} {ergonomic}
   size_t MinHeapDeltaBytes                        = 196608                                    {product} {ergonomic}
   size_t NewSize                                  = 5570560                                   {product} {ergonomic}
    uintx NonNMethodCodeHeapSize                   = 5824844                                {pd product} {ergonomic}
    uintx NonProfiledCodeHeapSize                  = 122916698                              {pd product} {ergonomic}
   size_t OldSize                                  = 11206656                                  {product} {ergonomic}
    uintx ProfiledCodeHeapSize                     = 122916698                              {pd product} {ergonomic}
    uintx ReservedCodeCacheSize                    = 251658240                              {pd product} {ergonomic}
     bool SegmentedCodeCache                       = true                                      {product} {ergonomic}
     bool UseCompressedClassPointers               = true                                 {lp64_product} {ergonomic}
     bool UseCompressedOops                        = true                                 {lp64_product} {ergonomic}
     bool UseSerialGC                              = true                                      {product} {ergonomic}

Logging:
Log output configuration:
 #0: stdout all=warning uptime,level,tags
 #1: stderr all=off uptime,level,tags

Environment Variables:
PATH=/usr/local/sbin:/usr/local/bin:/usr/sbin:/usr/bin:/sbin:/bin:/usr/games:/usr/local/games:/snap/bin
SHELL=/bin/bash

Signal Handlers:
SIGSEGV: [libjvm.so+0xde5f50], sa_mask[0]=11111111011111111101111111111110, sa_flags=SA_RESTART|SA_SIGINFO
SIGBUS: [libjvm.so+0xde5f50], sa_mask[0]=11111111011111111101111111111110, sa_flags=SA_RESTART|SA_SIGINFO
SIGFPE: [libjvm.so+0xde5f50], sa_mask[0]=11111111011111111101111111111110, sa_flags=SA_RESTART|SA_SIGINFO
SIGPIPE: [libjvm.so+0xbba5b0], sa_mask[0]=11111111011111111101111111111110, sa_flags=SA_RESTART|SA_SIGINFO
SIGXFSZ: [libjvm.so+0xbba5b0], sa_mask[0]=11111111011111111101111111111110, sa_flags=SA_RESTART|SA_SIGINFO
SIGILL: [libjvm.so+0xde5f50], sa_mask[0]=11111111011111111101111111111110, sa_flags=SA_RESTART|SA_SIGINFO
SIGUSR2: [libjvm.so+0xbba450], sa_mask[0]=00000000000000000000000000000000, sa_flags=SA_RESTART|SA_SIGINFO
SIGHUP: SIG_DFL, sa_mask[0]=00000000000000000000000000000000, sa_flags=none
SIGINT: SIG_DFL, sa_mask[0]=00000000000000000000000000000000, sa_flags=none
SIGTERM: SIG_DFL, sa_mask[0]=00000000000000000000000000000000, sa_flags=none
SIGQUIT: SIG_DFL, sa_mask[0]=00000000000000000000000000000000, sa_flags=none


---------------  S Y S T E M  ---------------

OS:DISTRIB_ID=Ubuntu
DISTRIB_RELEASE=18.04
DISTRIB_CODENAME=bionic
DISTRIB_DESCRIPTION="Ubuntu 18.04.3 LTS"
uname:Linux 4.15.0-58-generic #64-Ubuntu SMP Tue Aug 6 11:12:41 UTC 2019 x86_64
libc:glibc 2.27 NPTL 2.27 
rlimit: STACK 8192k, CORE 0k, NPROC 3840, NOFILE 1048576, AS infinity, DATA infinity, FSIZE infinity
load average:2.11 1.75 0.97

/proc/meminfo:
MemTotal:        1009156 kB
MemFree:           51740 kB
MemAvailable:          0 kB
Buffers:             252 kB
Cached:             6332 kB
SwapCached:            0 kB
Active:           888848 kB
Inactive:           5632 kB
Active(anon):     888292 kB
Inactive(anon):      220 kB
Active(file):        556 kB
Inactive(file):     5412 kB
Unevictable:           0 kB
Mlocked:               0 kB
SwapTotal:             0 kB
SwapFree:              0 kB
Dirty:                 4 kB
Writeback:             0 kB
AnonPages:        887904 kB
Mapped:             3856 kB
Shmem:               608 kB
Slab:              38980 kB
SReclaimable:      17108 kB
SUnreclaim:        21872 kB
KernelStack:        2032 kB
PageTables:         5628 kB
NFS_Unstable:          0 kB
Bounce:                0 kB
WritebackTmp:          0 kB
CommitLimit:      504576 kB
Committed_AS:    1583380 kB
VmallocTotal:   34359738367 kB
VmallocUsed:           0 kB
VmallocChunk:          0 kB
HardwareCorrupted:     0 kB
AnonHugePages:         0 kB
ShmemHugePages:        0 kB
ShmemPmdMapped:        0 kB
CmaTotal:              0 kB
CmaFree:               0 kB
HugePages_Total:       0
HugePages_Free:        0
HugePages_Rsvd:        0
HugePages_Surp:        0
Hugepagesize:       2048 kB
DirectMap4k:       63468 kB
DirectMap2M:      985088 kB
DirectMap1G:           0 kB


/proc/sys/kernel/threads-max (system-wide limit on the number of threads):
7680


/proc/sys/vm/max_map_count (maximum number of memory map areas a process may have):
65530


/proc/sys/kernel/pid_max (system-wide limit on number of process identifiers):
32768



container (cgroup) information:
container_type: cgroupv1
cpu_cpuset_cpus: 0
cpu_memory_nodes: 0
active_processor_count: 1
cpu_quota: -1
cpu_period: 100000
cpu_shares: -1
memory_limit_in_bytes: -1
memory_and_swap_limit_in_bytes: -2
memory_soft_limit_in_bytes: -1
memory_usage_in_bytes: 886464512
memory_max_usage_in_bytes: 889655296

Steal ticks since vm start: 0
Steal ticks percentage since vm start:  0.000

CPU:total 1 (initial active 1) (1 cores per cpu, 1 threads per core) family 6 model 85 stepping 4, cmov, cx8, fxsr, mmx, sse, sse2, sse3, ssse3, sse4.1, sse4.2, popcnt, avx, avx2, aes, clmul, erms, rtm, 3dnowpref, lzcnt, tsc, bmi1, bmi2, adx, evex, fma
CPU Model and flags from /proc/cpuinfo:
model name	: Intel(R) Xeon(R) Gold 6140 CPU @ 2.30GHz
flags		: fpu vme de pse tsc msr pae mce cx8 apic sep mtrr pge mca cmov pat pse36 clflush mmx fxsr sse sse2 ss syscall nx pdpe1gb rdtscp lm constant_tsc arch_perfmon rep_good nopl cpuid tsc_known_freq pni pclmulqdq vmx ssse3 fma cx16 pcid sse4_1 sse4_2 x2apic movbe popcnt tsc_deadline_timer aes xsave avx f16c rdrand hypervisor lahf_lm abm 3dnowprefetch cpuid_fault invpcid_single pti ssbd ibrs ibpb tpr_shadow vnmi flexpriority ept vpid fsgsbase tsc_adjust bmi1 hle avx2 smep bmi2 erms invpcid rtm mpx avx512f avx512dq rdseed adx smap clflushopt clwb avx512cd avx512bw avx512vl xsaveopt xsavec xgetbv1 xsaves pku ospke md_clear

Memory: 4k page, physical 1009156k(51368k free), swap 0k(0k free)

vm_info: OpenJDK 64-Bit Server VM (11.0.4+11-post-Ubuntu-1ubuntu218.04.3) for linux-amd64 JRE (11.0.4+11-post-Ubuntu-1ubuntu218.04.3), built on Jul 18 2019 18:21:46 by "buildd" with gcc 7.4.0

END.
